<?xml version="1.0" encoding="UTF-8"?>
<testsuite name="com.gl.cm.personas.PersonasApplicationTests" tests="1" skipped="0" failures="0" errors="0" timestamp="2022-09-28T13:35:17" hostname="eze1-lmc-b05008.local" time="0.187">
  <properties/>
  <testcase name="contextLoads()" classname="com.gl.cm.personas.PersonasApplicationTests" time="0.187"/>
  <system-out><![CDATA[10:35:11.942 [Test worker] DEBUG org.springframework.test.context.BootstrapUtils - Instantiating CacheAwareContextLoaderDelegate from class [org.springframework.test.context.cache.DefaultCacheAwareContextLoaderDelegate]
10:35:11.963 [Test worker] DEBUG org.springframework.test.context.BootstrapUtils - Instantiating BootstrapContext using constructor [public org.springframework.test.context.support.DefaultBootstrapContext(java.lang.Class,org.springframework.test.context.CacheAwareContextLoaderDelegate)]
10:35:12.032 [Test worker] DEBUG org.springframework.test.context.BootstrapUtils - Instantiating TestContextBootstrapper for test class [com.gl.cm.personas.PersonasApplicationTests] from class [org.springframework.boot.test.context.SpringBootTestContextBootstrapper]
10:35:12.050 [Test worker] INFO org.springframework.boot.test.context.SpringBootTestContextBootstrapper - Neither @ContextConfiguration nor @ContextHierarchy found for test class [com.gl.cm.personas.PersonasApplicationTests], using SpringBootContextLoader
10:35:12.058 [Test worker] DEBUG org.springframework.test.context.support.AbstractContextLoader - Did not detect default resource location for test class [com.gl.cm.personas.PersonasApplicationTests]: class path resource [com/gl/cm/personas/PersonasApplicationTests-context.xml] does not exist
10:35:12.059 [Test worker] DEBUG org.springframework.test.context.support.AbstractContextLoader - Did not detect default resource location for test class [com.gl.cm.personas.PersonasApplicationTests]: class path resource [com/gl/cm/personas/PersonasApplicationTestsContext.groovy] does not exist
10:35:12.059 [Test worker] INFO org.springframework.test.context.support.AbstractContextLoader - Could not detect default resource locations for test class [com.gl.cm.personas.PersonasApplicationTests]: no resource found for suffixes {-context.xml, Context.groovy}.
10:35:12.060 [Test worker] INFO org.springframework.test.context.support.AnnotationConfigContextLoaderUtils - Could not detect default configuration classes for test class [com.gl.cm.personas.PersonasApplicationTests]: PersonasApplicationTests does not declare any static, non-private, non-final, nested classes annotated with @Configuration.
10:35:12.127 [Test worker] DEBUG org.springframework.test.context.support.ActiveProfilesUtils - Could not find an 'annotation declaring class' for annotation type [org.springframework.test.context.ActiveProfiles] and class [com.gl.cm.personas.PersonasApplicationTests]
10:35:12.234 [Test worker] DEBUG org.springframework.context.annotation.ClassPathScanningCandidateComponentProvider - Identified candidate component class: file [/Users/Martin/Desktop/Martin/api-personas/build/classes/java/main/com/gl/cm/personas/PersonasApplication.class]
10:35:12.236 [Test worker] INFO org.springframework.boot.test.context.SpringBootTestContextBootstrapper - Found @SpringBootConfiguration com.gl.cm.personas.PersonasApplication for test class com.gl.cm.personas.PersonasApplicationTests
10:35:12.402 [Test worker] DEBUG org.springframework.boot.test.context.SpringBootTestContextBootstrapper - @TestExecutionListeners is not present for class [com.gl.cm.personas.PersonasApplicationTests]: using defaults.
10:35:12.403 [Test worker] INFO org.springframework.boot.test.context.SpringBootTestContextBootstrapper - Loaded default TestExecutionListener class names from location [META-INF/spring.factories]: [org.springframework.boot.test.autoconfigure.restdocs.RestDocsTestExecutionListener, org.springframework.boot.test.autoconfigure.web.client.MockRestServiceServerResetTestExecutionListener, org.springframework.boot.test.autoconfigure.web.servlet.MockMvcPrintOnlyOnFailureTestExecutionListener, org.springframework.boot.test.autoconfigure.web.servlet.WebDriverTestExecutionListener, org.springframework.boot.test.autoconfigure.webservices.client.MockWebServiceServerTestExecutionListener, org.springframework.boot.test.mock.mockito.MockitoTestExecutionListener, org.springframework.boot.test.mock.mockito.ResetMocksTestExecutionListener, org.springframework.test.context.web.ServletTestExecutionListener, org.springframework.test.context.support.DirtiesContextBeforeModesTestExecutionListener, org.springframework.test.context.event.ApplicationEventsTestExecutionListener, org.springframework.test.context.support.DependencyInjectionTestExecutionListener, org.springframework.test.context.support.DirtiesContextTestExecutionListener, org.springframework.test.context.transaction.TransactionalTestExecutionListener, org.springframework.test.context.jdbc.SqlScriptsTestExecutionListener, org.springframework.test.context.event.EventPublishingTestExecutionListener]
10:35:12.435 [Test worker] INFO org.springframework.boot.test.context.SpringBootTestContextBootstrapper - Using TestExecutionListeners: [org.springframework.test.context.web.ServletTestExecutionListener@257ef9ed, org.springframework.test.context.support.DirtiesContextBeforeModesTestExecutionListener@59c70ceb, org.springframework.test.context.event.ApplicationEventsTestExecutionListener@46f902e0, org.springframework.boot.test.mock.mockito.MockitoTestExecutionListener@64f981e2, org.springframework.boot.test.autoconfigure.SpringBootDependencyInjectionTestExecutionListener@361abd01, org.springframework.test.context.support.DirtiesContextTestExecutionListener@575b5f7d, org.springframework.test.context.transaction.TransactionalTestExecutionListener@59bbb974, org.springframework.test.context.jdbc.SqlScriptsTestExecutionListener@7165d530, org.springframework.test.context.event.EventPublishingTestExecutionListener@12f49ca8, org.springframework.boot.test.autoconfigure.restdocs.RestDocsTestExecutionListener@1fd9893c, org.springframework.boot.test.autoconfigure.web.client.MockRestServiceServerResetTestExecutionListener@1b2df3aa, org.springframework.boot.test.autoconfigure.web.servlet.MockMvcPrintOnlyOnFailureTestExecutionListener@44be69aa, org.springframework.boot.test.autoconfigure.web.servlet.WebDriverTestExecutionListener@7219ac49, org.springframework.boot.test.autoconfigure.webservices.client.MockWebServiceServerTestExecutionListener@21da4b5f, org.springframework.boot.test.mock.mockito.ResetMocksTestExecutionListener@551e4c6d]
10:35:12.440 [Test worker] DEBUG org.springframework.test.context.support.AbstractDirtiesContextTestExecutionListener - Before test class: context [DefaultTestContext@1d6d1d42 testClass = PersonasApplicationTests, testInstance = [null], testMethod = [null], testException = [null], mergedContextConfiguration = [WebMergedContextConfiguration@27329d2a testClass = PersonasApplicationTests, locations = '{}', classes = '{class com.gl.cm.personas.PersonasApplication}', contextInitializerClasses = '[]', activeProfiles = '{}', propertySourceLocations = '{}', propertySourceProperties = '{org.springframework.boot.test.context.SpringBootTestContextBootstrapper=true}', contextCustomizers = set[org.springframework.boot.test.autoconfigure.actuate.metrics.MetricsExportContextCustomizerFactory$DisableMetricExportContextCustomizer@7048535f, org.springframework.boot.test.autoconfigure.properties.PropertyMappingContextCustomizer@0, org.springframework.boot.test.autoconfigure.web.servlet.WebDriverContextCustomizerFactory$Customizer@44841b43, org.springframework.boot.test.context.filter.ExcludeFilterContextCustomizer@58e85c6f, org.springframework.boot.test.json.DuplicateJsonObjectContextCustomizerFactory$DuplicateJsonObjectContextCustomizer@5f18f9d2, org.springframework.boot.test.mock.mockito.MockitoContextCustomizer@0, org.springframework.boot.test.web.client.TestRestTemplateContextCustomizer@64412d34, org.springframework.boot.test.context.SpringBootTestArgs@1, org.springframework.boot.test.context.SpringBootTestWebEnvironment@19ae6bb], resourceBasePath = 'src/main/webapp', contextLoader = 'org.springframework.boot.test.context.SpringBootContextLoader', parent = [null]], attributes = map['org.springframework.test.context.web.ServletTestExecutionListener.activateListener' -> true]], class annotated with @DirtiesContext [false] with mode [null].

  .   ____          _            __ _ _
 /\\ / ___'_ __ _ _(_)_ __  __ _ \ \ \ \
( ( )\___ | '_ | '_| | '_ \/ _` | \ \ \ \
 \\/  ___)| |_)| | | | | || (_| |  ) ) ) )
  '  |____| .__|_| |_|_| |_\__, | / / / /
 =========|_|==============|___/=/_/_/_/
 :: Spring Boot ::                (v2.7.4)

2022-09-28 10:35:12.859  INFO 2177 --- [    Test worker] c.g.c.personas.PersonasApplicationTests  : Starting PersonasApplicationTests using Java 17 on eze1-lmc-b05008.local with PID 2177 (started by Martin in /Users/Martin/Desktop/Martin/api-personas)
2022-09-28 10:35:12.860  INFO 2177 --- [    Test worker] c.g.c.personas.PersonasApplicationTests  : No active profile set, falling back to 1 default profile: "default"
2022-09-28 10:35:13.949  INFO 2177 --- [    Test worker] .s.d.r.c.RepositoryConfigurationDelegate : Bootstrapping Spring Data JPA repositories in DEFAULT mode.
2022-09-28 10:35:14.007  INFO 2177 --- [    Test worker] .s.d.r.c.RepositoryConfigurationDelegate : Finished Spring Data repository scanning in 47 ms. Found 1 JPA repository interfaces.
2022-09-28 10:35:14.570  INFO 2177 --- [    Test worker] com.zaxxer.hikari.HikariDataSource       : HikariPool-1 - Starting...
2022-09-28 10:35:14.977  INFO 2177 --- [    Test worker] com.zaxxer.hikari.HikariDataSource       : HikariPool-1 - Start completed.
2022-09-28 10:35:15.055  INFO 2177 --- [    Test worker] o.hibernate.jpa.internal.util.LogHelper  : HHH000204: Processing PersistenceUnitInfo [name: default]
2022-09-28 10:35:15.126  INFO 2177 --- [    Test worker] org.hibernate.Version                    : HHH000412: Hibernate ORM core version 5.6.11.Final
2022-09-28 10:35:15.349  INFO 2177 --- [    Test worker] o.hibernate.annotations.common.Version   : HCANN000001: Hibernate Commons Annotations {5.1.2.Final}
2022-09-28 10:35:15.492  INFO 2177 --- [    Test worker] org.hibernate.dialect.Dialect            : HHH000400: Using dialect: org.hibernate.dialect.H2Dialect
2022-09-28 10:35:16.231  INFO 2177 --- [    Test worker] o.h.e.t.j.p.i.JtaPlatformInitiator       : HHH000490: Using JtaPlatform implementation: [org.hibernate.engine.transaction.jta.platform.internal.NoJtaPlatform]
2022-09-28 10:35:16.242  INFO 2177 --- [    Test worker] j.LocalContainerEntityManagerFactoryBean : Initialized JPA EntityManagerFactory for persistence unit 'default'
2022-09-28 10:35:16.806  WARN 2177 --- [    Test worker] JpaBaseConfiguration$JpaWebConfiguration : spring.jpa.open-in-view is enabled by default. Therefore, database queries may be performed during view rendering. Explicitly configure spring.jpa.open-in-view to disable this warning
2022-09-28 10:35:17.219  INFO 2177 --- [    Test worker] o.s.b.a.h2.H2ConsoleAutoConfiguration    : H2 console available at '/h2-console'. Database available at 'jdbc:h2:mem:personasdb'
2022-09-28 10:35:17.649  INFO 2177 --- [    Test worker] o.s.b.a.e.web.EndpointLinksResolver      : Exposing 1 endpoint(s) beneath base path '/actuator'
2022-09-28 10:35:17.696  INFO 2177 --- [    Test worker] c.g.c.personas.PersonasApplicationTests  : Started PersonasApplicationTests in 5.201 seconds (JVM running for 7.075)
]]></system-out>
  <system-err><![CDATA[]]></system-err>
</testsuite>
