<?xml version="1.0" encoding="UTF-8"?>
<testsuite name="Persona Service" tests="8" skipped="0" failures="0" errors="0" timestamp="2022-09-28T13:35:19" hostname="eze1-lmc-b05008.local" time="0.088">
  <properties/>
  <testcase name="Obtener Lista de personas" classname="com.gl.cm.personas.service.PersonaServiceTest" time="0.03"/>
  <testcase name="Obtener persona por Id" classname="com.gl.cm.personas.service.PersonaServiceTest" time="0.008"/>
  <testcase name="Borrar persona" classname="com.gl.cm.personas.service.PersonaServiceTest" time="0.007"/>
  <testcase name="Borrar persona No existente" classname="com.gl.cm.personas.service.PersonaServiceTest" time="0.008"/>
  <testcase name="Guardar Persona" classname="com.gl.cm.personas.service.PersonaServiceTest" time="0.009"/>
  <testcase name="Persona no existe" classname="com.gl.cm.personas.service.PersonaServiceTest" time="0.005"/>
  <testcase name="Editar Persona Not Found" classname="com.gl.cm.personas.service.PersonaServiceTest" time="0.006"/>
  <testcase name="Editar Persona" classname="com.gl.cm.personas.service.PersonaServiceTest" time="0.007"/>
  <system-out><![CDATA[2022-09-28 10:35:18.872  INFO 2177 --- [    Test worker] .b.t.c.SpringBootTestContextBootstrapper : Neither @ContextConfiguration nor @ContextHierarchy found for test class [com.gl.cm.personas.service.PersonaServiceTest], using SpringBootContextLoader
2022-09-28 10:35:18.872  INFO 2177 --- [    Test worker] o.s.t.c.support.AbstractContextLoader    : Could not detect default resource locations for test class [com.gl.cm.personas.service.PersonaServiceTest]: no resource found for suffixes {-context.xml, Context.groovy}.
2022-09-28 10:35:18.873  INFO 2177 --- [    Test worker] t.c.s.AnnotationConfigContextLoaderUtils : Could not detect default configuration classes for test class [com.gl.cm.personas.service.PersonaServiceTest]: PersonaServiceTest does not declare any static, non-private, non-final, nested classes annotated with @Configuration.
2022-09-28 10:35:18.878  INFO 2177 --- [    Test worker] .b.t.c.SpringBootTestContextBootstrapper : Found @SpringBootConfiguration com.gl.cm.personas.PersonasApplication for test class com.gl.cm.personas.service.PersonaServiceTest
2022-09-28 10:35:18.880  INFO 2177 --- [    Test worker] .b.t.c.SpringBootTestContextBootstrapper : Loaded default TestExecutionListener class names from location [META-INF/spring.factories]: [org.springframework.boot.test.autoconfigure.restdocs.RestDocsTestExecutionListener, org.springframework.boot.test.autoconfigure.web.client.MockRestServiceServerResetTestExecutionListener, org.springframework.boot.test.autoconfigure.web.servlet.MockMvcPrintOnlyOnFailureTestExecutionListener, org.springframework.boot.test.autoconfigure.web.servlet.WebDriverTestExecutionListener, org.springframework.boot.test.autoconfigure.webservices.client.MockWebServiceServerTestExecutionListener, org.springframework.boot.test.mock.mockito.MockitoTestExecutionListener, org.springframework.boot.test.mock.mockito.ResetMocksTestExecutionListener, org.springframework.test.context.web.ServletTestExecutionListener, org.springframework.test.context.support.DirtiesContextBeforeModesTestExecutionListener, org.springframework.test.context.event.ApplicationEventsTestExecutionListener, org.springframework.test.context.support.DependencyInjectionTestExecutionListener, org.springframework.test.context.support.DirtiesContextTestExecutionListener, org.springframework.test.context.transaction.TransactionalTestExecutionListener, org.springframework.test.context.jdbc.SqlScriptsTestExecutionListener, org.springframework.test.context.event.EventPublishingTestExecutionListener]
2022-09-28 10:35:18.881  INFO 2177 --- [    Test worker] .b.t.c.SpringBootTestContextBootstrapper : Using TestExecutionListeners: [org.springframework.test.context.web.ServletTestExecutionListener@7a65bdb, org.springframework.test.context.support.DirtiesContextBeforeModesTestExecutionListener@1e4ee672, org.springframework.test.context.event.ApplicationEventsTestExecutionListener@83501cb, org.springframework.boot.test.mock.mockito.MockitoTestExecutionListener@71ff6f39, org.springframework.boot.test.autoconfigure.SpringBootDependencyInjectionTestExecutionListener@44328a5e, org.springframework.test.context.support.DirtiesContextTestExecutionListener@2d2689dc, org.springframework.test.context.transaction.TransactionalTestExecutionListener@dbdeeea, org.springframework.test.context.jdbc.SqlScriptsTestExecutionListener@731dec3, org.springframework.test.context.event.EventPublishingTestExecutionListener@5781d401, org.springframework.boot.test.autoconfigure.restdocs.RestDocsTestExecutionListener@4ef0df44, org.springframework.boot.test.autoconfigure.web.client.MockRestServiceServerResetTestExecutionListener@2c58a2ce, org.springframework.boot.test.autoconfigure.web.servlet.MockMvcPrintOnlyOnFailureTestExecutionListener@2596a640, org.springframework.boot.test.autoconfigure.web.servlet.WebDriverTestExecutionListener@7cee5f2f, org.springframework.boot.test.autoconfigure.webservices.client.MockWebServiceServerTestExecutionListener@342ca509, org.springframework.boot.test.mock.mockito.ResetMocksTestExecutionListener@5d8b2f90]

  .   ____          _            __ _ _
 /\\ / ___'_ __ _ _(_)_ __  __ _ \ \ \ \
( ( )\___ | '_ | '_| | '_ \/ _` | \ \ \ \
 \\/  ___)| |_)| | | | | || (_| |  ) ) ) )
  '  |____| .__|_| |_|_| |_\__, | / / / /
 =========|_|==============|___/=/_/_/_/
 :: Spring Boot ::                (v2.7.4)

2022-09-28 10:35:18.901  INFO 2177 --- [    Test worker] c.g.c.p.service.PersonaServiceTest       : Starting PersonaServiceTest using Java 17 on eze1-lmc-b05008.local with PID 2177 (started by Martin in /Users/Martin/Desktop/Martin/api-personas)
2022-09-28 10:35:18.901  INFO 2177 --- [    Test worker] c.g.c.p.service.PersonaServiceTest       : No active profile set, falling back to 1 default profile: "default"
2022-09-28 10:35:19.088  INFO 2177 --- [    Test worker] .s.d.r.c.RepositoryConfigurationDelegate : Bootstrapping Spring Data JPA repositories in DEFAULT mode.
2022-09-28 10:35:19.093  INFO 2177 --- [    Test worker] .s.d.r.c.RepositoryConfigurationDelegate : Finished Spring Data repository scanning in 5 ms. Found 1 JPA repository interfaces.
2022-09-28 10:35:19.199  INFO 2177 --- [    Test worker] com.zaxxer.hikari.HikariDataSource       : HikariPool-2 - Starting...
2022-09-28 10:35:19.200  INFO 2177 --- [    Test worker] com.zaxxer.hikari.HikariDataSource       : HikariPool-2 - Start completed.
2022-09-28 10:35:19.208  INFO 2177 --- [    Test worker] o.hibernate.jpa.internal.util.LogHelper  : HHH000204: Processing PersistenceUnitInfo [name: default]
2022-09-28 10:35:19.211  INFO 2177 --- [    Test worker] org.hibernate.dialect.Dialect            : HHH000400: Using dialect: org.hibernate.dialect.H2Dialect
2022-09-28 10:35:19.244  INFO 2177 --- [    Test worker] o.h.e.t.j.p.i.JtaPlatformInitiator       : HHH000490: Using JtaPlatform implementation: [org.hibernate.engine.transaction.jta.platform.internal.NoJtaPlatform]
2022-09-28 10:35:19.245  INFO 2177 --- [    Test worker] j.LocalContainerEntityManagerFactoryBean : Initialized JPA EntityManagerFactory for persistence unit 'default'
2022-09-28 10:35:19.326  WARN 2177 --- [    Test worker] JpaBaseConfiguration$JpaWebConfiguration : spring.jpa.open-in-view is enabled by default. Therefore, database queries may be performed during view rendering. Explicitly configure spring.jpa.open-in-view to disable this warning
2022-09-28 10:35:19.449  INFO 2177 --- [    Test worker] o.s.b.a.h2.H2ConsoleAutoConfiguration    : H2 console available at '/h2-console'. Database available at 'jdbc:h2:mem:personasdb'
2022-09-28 10:35:19.641  INFO 2177 --- [    Test worker] o.s.b.a.e.web.EndpointLinksResolver      : Exposing 1 endpoint(s) beneath base path '/actuator'
2022-09-28 10:35:19.665  INFO 2177 --- [    Test worker] c.g.c.p.service.PersonaServiceTest       : Started PersonaServiceTest in 0.783 seconds (JVM running for 9.045)
]]></system-out>
  <system-err><![CDATA[]]></system-err>
</testsuite>
