<?xml version="1.0" encoding="UTF-8"?>
<testsuite name="Persona Service" tests="6" skipped="0" failures="0" errors="0" timestamp="2022-09-26T18:56:11" hostname="eze1-lmc-b05008.local" time="0.079">
  <properties/>
  <testcase name="Obtener Lista de personas" classname="com.gl.cm.personas.service.PersonaServiceTest" time="0.033"/>
  <testcase name="Obtener persona por Id" classname="com.gl.cm.personas.service.PersonaServiceTest" time="0.006"/>
  <testcase name="Guardar Persona" classname="com.gl.cm.personas.service.PersonaServiceTest" time="0.011"/>
  <testcase name="Persona no existe" classname="com.gl.cm.personas.service.PersonaServiceTest" time="0.007"/>
  <testcase name="Editar Persona Not Found" classname="com.gl.cm.personas.service.PersonaServiceTest" time="0.006"/>
  <testcase name="Editar Persona" classname="com.gl.cm.personas.service.PersonaServiceTest" time="0.007"/>
  <system-out><![CDATA[2022-09-26 15:56:10.672  INFO 4396 --- [    Test worker] .b.t.c.SpringBootTestContextBootstrapper : Neither @ContextConfiguration nor @ContextHierarchy found for test class [com.gl.cm.personas.service.PersonaServiceTest], using SpringBootContextLoader
2022-09-26 15:56:10.673  INFO 4396 --- [    Test worker] o.s.t.c.support.AbstractContextLoader    : Could not detect default resource locations for test class [com.gl.cm.personas.service.PersonaServiceTest]: no resource found for suffixes {-context.xml, Context.groovy}.
2022-09-26 15:56:10.673  INFO 4396 --- [    Test worker] t.c.s.AnnotationConfigContextLoaderUtils : Could not detect default configuration classes for test class [com.gl.cm.personas.service.PersonaServiceTest]: PersonaServiceTest does not declare any static, non-private, non-final, nested classes annotated with @Configuration.
2022-09-26 15:56:10.679  INFO 4396 --- [    Test worker] .b.t.c.SpringBootTestContextBootstrapper : Found @SpringBootConfiguration com.gl.cm.personas.PersonasApplication for test class com.gl.cm.personas.service.PersonaServiceTest
2022-09-26 15:56:10.681  INFO 4396 --- [    Test worker] .b.t.c.SpringBootTestContextBootstrapper : Loaded default TestExecutionListener class names from location [META-INF/spring.factories]: [org.springframework.boot.test.autoconfigure.restdocs.RestDocsTestExecutionListener, org.springframework.boot.test.autoconfigure.web.client.MockRestServiceServerResetTestExecutionListener, org.springframework.boot.test.autoconfigure.web.servlet.MockMvcPrintOnlyOnFailureTestExecutionListener, org.springframework.boot.test.autoconfigure.web.servlet.WebDriverTestExecutionListener, org.springframework.boot.test.autoconfigure.webservices.client.MockWebServiceServerTestExecutionListener, org.springframework.boot.test.mock.mockito.MockitoTestExecutionListener, org.springframework.boot.test.mock.mockito.ResetMocksTestExecutionListener, org.springframework.test.context.web.ServletTestExecutionListener, org.springframework.test.context.support.DirtiesContextBeforeModesTestExecutionListener, org.springframework.test.context.event.ApplicationEventsTestExecutionListener, org.springframework.test.context.support.DependencyInjectionTestExecutionListener, org.springframework.test.context.support.DirtiesContextTestExecutionListener, org.springframework.test.context.transaction.TransactionalTestExecutionListener, org.springframework.test.context.jdbc.SqlScriptsTestExecutionListener, org.springframework.test.context.event.EventPublishingTestExecutionListener]
2022-09-26 15:56:10.682  INFO 4396 --- [    Test worker] .b.t.c.SpringBootTestContextBootstrapper : Using TestExecutionListeners: [org.springframework.test.context.web.ServletTestExecutionListener@222abe13, org.springframework.test.context.support.DirtiesContextBeforeModesTestExecutionListener@63323f91, org.springframework.test.context.event.ApplicationEventsTestExecutionListener@7fe008b0, org.springframework.boot.test.mock.mockito.MockitoTestExecutionListener@4b2b9e36, org.springframework.boot.test.autoconfigure.SpringBootDependencyInjectionTestExecutionListener@3c066b66, org.springframework.test.context.support.DirtiesContextTestExecutionListener@4eba05c0, org.springframework.test.context.transaction.TransactionalTestExecutionListener@31e0312f, org.springframework.test.context.jdbc.SqlScriptsTestExecutionListener@262dc30b, org.springframework.test.context.event.EventPublishingTestExecutionListener@29ffc1f3, org.springframework.boot.test.autoconfigure.restdocs.RestDocsTestExecutionListener@37754509, org.springframework.boot.test.autoconfigure.web.client.MockRestServiceServerResetTestExecutionListener@72c7381, org.springframework.boot.test.autoconfigure.web.servlet.MockMvcPrintOnlyOnFailureTestExecutionListener@4f51cdf4, org.springframework.boot.test.autoconfigure.web.servlet.WebDriverTestExecutionListener@18f67db4, org.springframework.boot.test.autoconfigure.webservices.client.MockWebServiceServerTestExecutionListener@5b63eae, org.springframework.boot.test.mock.mockito.ResetMocksTestExecutionListener@61e2e5e2]

  .   ____          _            __ _ _
 /\\ / ___'_ __ _ _(_)_ __  __ _ \ \ \ \
( ( )\___ | '_ | '_| | '_ \/ _` | \ \ \ \
 \\/  ___)| |_)| | | | | || (_| |  ) ) ) )
  '  |____| .__|_| |_|_| |_\__, | / / / /
 =========|_|==============|___/=/_/_/_/
 :: Spring Boot ::                (v2.7.4)

2022-09-26 15:56:10.712  INFO 4396 --- [    Test worker] c.g.c.p.service.PersonaServiceTest       : Starting PersonaServiceTest using Java 17 on eze1-lmc-b05008.local with PID 4396 (started by Martin in /Users/Martin/Desktop/Martin/api-personas)
2022-09-26 15:56:10.712  INFO 4396 --- [    Test worker] c.g.c.p.service.PersonaServiceTest       : No active profile set, falling back to 1 default profile: "default"
2022-09-26 15:56:10.959  INFO 4396 --- [    Test worker] .s.d.r.c.RepositoryConfigurationDelegate : Bootstrapping Spring Data JPA repositories in DEFAULT mode.
2022-09-26 15:56:10.965  INFO 4396 --- [    Test worker] .s.d.r.c.RepositoryConfigurationDelegate : Finished Spring Data repository scanning in 5 ms. Found 1 JPA repository interfaces.
2022-09-26 15:56:11.076  INFO 4396 --- [    Test worker] com.zaxxer.hikari.HikariDataSource       : HikariPool-2 - Starting...
2022-09-26 15:56:11.078  INFO 4396 --- [    Test worker] com.zaxxer.hikari.HikariDataSource       : HikariPool-2 - Start completed.
2022-09-26 15:56:11.085  INFO 4396 --- [    Test worker] o.hibernate.jpa.internal.util.LogHelper  : HHH000204: Processing PersistenceUnitInfo [name: default]
2022-09-26 15:56:11.088  INFO 4396 --- [    Test worker] org.hibernate.dialect.Dialect            : HHH000400: Using dialect: org.hibernate.dialect.H2Dialect
2022-09-26 15:56:11.123  INFO 4396 --- [    Test worker] o.h.e.t.j.p.i.JtaPlatformInitiator       : HHH000490: Using JtaPlatform implementation: [org.hibernate.engine.transaction.jta.platform.internal.NoJtaPlatform]
2022-09-26 15:56:11.124  INFO 4396 --- [    Test worker] j.LocalContainerEntityManagerFactoryBean : Initialized JPA EntityManagerFactory for persistence unit 'default'
2022-09-26 15:56:11.216  WARN 4396 --- [    Test worker] JpaBaseConfiguration$JpaWebConfiguration : spring.jpa.open-in-view is enabled by default. Therefore, database queries may be performed during view rendering. Explicitly configure spring.jpa.open-in-view to disable this warning
2022-09-26 15:56:11.364  INFO 4396 --- [    Test worker] o.s.b.a.h2.H2ConsoleAutoConfiguration    : H2 console available at '/h2-console'. Database available at 'jdbc:h2:mem:personasdb'
2022-09-26 15:56:11.600  INFO 4396 --- [    Test worker] o.s.b.a.e.web.EndpointLinksResolver      : Exposing 1 endpoint(s) beneath base path '/actuator'
2022-09-26 15:56:11.626  INFO 4396 --- [    Test worker] c.g.c.p.service.PersonaServiceTest       : Started PersonaServiceTest in 0.941 seconds (JVM running for 11.277)
]]></system-out>
  <system-err><![CDATA[]]></system-err>
</testsuite>
