<?xml version="1.0" encoding="UTF-8"?>
<testsuite name="Persona Test" tests="1" skipped="0" failures="0" errors="0" timestamp="2022-09-26T18:56:10" hostname="eze1-lmc-b05008.local" time="0.001">
  <properties/>
  <testcase name="Creacion persona" classname="com.gl.cm.personas.model.PersonaTest" time="0.001"/>
  <system-out><![CDATA[]]></system-out>
  <system-err><![CDATA[]]></system-err>
</testsuite>
