<?xml version="1.0" encoding="UTF-8"?>
<testsuite name="com.gl.cm.personas.PersonasApplicationTests" tests="1" skipped="0" failures="0" errors="0" timestamp="2022-09-26T19:32:30" hostname="eze1-lmc-b05008.local" time="0.192">
  <properties/>
  <testcase name="contextLoads()" classname="com.gl.cm.personas.PersonasApplicationTests" time="0.192"/>
  <system-out><![CDATA[16:32:24.903 [Test worker] DEBUG org.springframework.test.context.BootstrapUtils - Instantiating CacheAwareContextLoaderDelegate from class [org.springframework.test.context.cache.DefaultCacheAwareContextLoaderDelegate]
16:32:24.927 [Test worker] DEBUG org.springframework.test.context.BootstrapUtils - Instantiating BootstrapContext using constructor [public org.springframework.test.context.support.DefaultBootstrapContext(java.lang.Class,org.springframework.test.context.CacheAwareContextLoaderDelegate)]
16:32:24.997 [Test worker] DEBUG org.springframework.test.context.BootstrapUtils - Instantiating TestContextBootstrapper for test class [com.gl.cm.personas.PersonasApplicationTests] from class [org.springframework.boot.test.context.SpringBootTestContextBootstrapper]
16:32:25.014 [Test worker] INFO org.springframework.boot.test.context.SpringBootTestContextBootstrapper - Neither @ContextConfiguration nor @ContextHierarchy found for test class [com.gl.cm.personas.PersonasApplicationTests], using SpringBootContextLoader
16:32:25.022 [Test worker] DEBUG org.springframework.test.context.support.AbstractContextLoader - Did not detect default resource location for test class [com.gl.cm.personas.PersonasApplicationTests]: class path resource [com/gl/cm/personas/PersonasApplicationTests-context.xml] does not exist
16:32:25.023 [Test worker] DEBUG org.springframework.test.context.support.AbstractContextLoader - Did not detect default resource location for test class [com.gl.cm.personas.PersonasApplicationTests]: class path resource [com/gl/cm/personas/PersonasApplicationTestsContext.groovy] does not exist
16:32:25.023 [Test worker] INFO org.springframework.test.context.support.AbstractContextLoader - Could not detect default resource locations for test class [com.gl.cm.personas.PersonasApplicationTests]: no resource found for suffixes {-context.xml, Context.groovy}.
16:32:25.024 [Test worker] INFO org.springframework.test.context.support.AnnotationConfigContextLoaderUtils - Could not detect default configuration classes for test class [com.gl.cm.personas.PersonasApplicationTests]: PersonasApplicationTests does not declare any static, non-private, non-final, nested classes annotated with @Configuration.
16:32:25.083 [Test worker] DEBUG org.springframework.test.context.support.ActiveProfilesUtils - Could not find an 'annotation declaring class' for annotation type [org.springframework.test.context.ActiveProfiles] and class [com.gl.cm.personas.PersonasApplicationTests]
16:32:25.182 [Test worker] DEBUG org.springframework.context.annotation.ClassPathScanningCandidateComponentProvider - Identified candidate component class: file [/Users/Martin/Desktop/Martin/api-personas/build/classes/java/main/com/gl/cm/personas/PersonasApplication.class]
16:32:25.183 [Test worker] INFO org.springframework.boot.test.context.SpringBootTestContextBootstrapper - Found @SpringBootConfiguration com.gl.cm.personas.PersonasApplication for test class com.gl.cm.personas.PersonasApplicationTests
16:32:25.325 [Test worker] DEBUG org.springframework.boot.test.context.SpringBootTestContextBootstrapper - @TestExecutionListeners is not present for class [com.gl.cm.personas.PersonasApplicationTests]: using defaults.
16:32:25.326 [Test worker] INFO org.springframework.boot.test.context.SpringBootTestContextBootstrapper - Loaded default TestExecutionListener class names from location [META-INF/spring.factories]: [org.springframework.boot.test.autoconfigure.restdocs.RestDocsTestExecutionListener, org.springframework.boot.test.autoconfigure.web.client.MockRestServiceServerResetTestExecutionListener, org.springframework.boot.test.autoconfigure.web.servlet.MockMvcPrintOnlyOnFailureTestExecutionListener, org.springframework.boot.test.autoconfigure.web.servlet.WebDriverTestExecutionListener, org.springframework.boot.test.autoconfigure.webservices.client.MockWebServiceServerTestExecutionListener, org.springframework.boot.test.mock.mockito.MockitoTestExecutionListener, org.springframework.boot.test.mock.mockito.ResetMocksTestExecutionListener, org.springframework.test.context.web.ServletTestExecutionListener, org.springframework.test.context.support.DirtiesContextBeforeModesTestExecutionListener, org.springframework.test.context.event.ApplicationEventsTestExecutionListener, org.springframework.test.context.support.DependencyInjectionTestExecutionListener, org.springframework.test.context.support.DirtiesContextTestExecutionListener, org.springframework.test.context.transaction.TransactionalTestExecutionListener, org.springframework.test.context.jdbc.SqlScriptsTestExecutionListener, org.springframework.test.context.event.EventPublishingTestExecutionListener]
16:32:25.353 [Test worker] INFO org.springframework.boot.test.context.SpringBootTestContextBootstrapper - Using TestExecutionListeners: [org.springframework.test.context.web.ServletTestExecutionListener@7beae796, org.springframework.test.context.support.DirtiesContextBeforeModesTestExecutionListener@6749fe50, org.springframework.test.context.event.ApplicationEventsTestExecutionListener@52bf7bf6, org.springframework.boot.test.mock.mockito.MockitoTestExecutionListener@261db982, org.springframework.boot.test.autoconfigure.SpringBootDependencyInjectionTestExecutionListener@ae73c80, org.springframework.test.context.support.DirtiesContextTestExecutionListener@22f4f8f2, org.springframework.test.context.transaction.TransactionalTestExecutionListener@bbd4791, org.springframework.test.context.jdbc.SqlScriptsTestExecutionListener@40a72ecd, org.springframework.test.context.event.EventPublishingTestExecutionListener@73971965, org.springframework.boot.test.autoconfigure.restdocs.RestDocsTestExecutionListener@76a14c8d, org.springframework.boot.test.autoconfigure.web.client.MockRestServiceServerResetTestExecutionListener@17410c07, org.springframework.boot.test.autoconfigure.web.servlet.MockMvcPrintOnlyOnFailureTestExecutionListener@6ee99964, org.springframework.boot.test.autoconfigure.web.servlet.WebDriverTestExecutionListener@257ef9ed, org.springframework.boot.test.autoconfigure.webservices.client.MockWebServiceServerTestExecutionListener@59c70ceb, org.springframework.boot.test.mock.mockito.ResetMocksTestExecutionListener@46f902e0]
16:32:25.359 [Test worker] DEBUG org.springframework.test.context.support.AbstractDirtiesContextTestExecutionListener - Before test class: context [DefaultTestContext@3c8a7e38 testClass = PersonasApplicationTests, testInstance = [null], testMethod = [null], testException = [null], mergedContextConfiguration = [WebMergedContextConfiguration@138aa3cc testClass = PersonasApplicationTests, locations = '{}', classes = '{class com.gl.cm.personas.PersonasApplication}', contextInitializerClasses = '[]', activeProfiles = '{}', propertySourceLocations = '{}', propertySourceProperties = '{org.springframework.boot.test.context.SpringBootTestContextBootstrapper=true}', contextCustomizers = set[org.springframework.boot.test.autoconfigure.actuate.metrics.MetricsExportContextCustomizerFactory$DisableMetricExportContextCustomizer@3fd2322d, org.springframework.boot.test.autoconfigure.properties.PropertyMappingContextCustomizer@0, org.springframework.boot.test.autoconfigure.web.servlet.WebDriverContextCustomizerFactory$Customizer@12b5454f, org.springframework.boot.test.context.filter.ExcludeFilterContextCustomizer@c808207, org.springframework.boot.test.json.DuplicateJsonObjectContextCustomizerFactory$DuplicateJsonObjectContextCustomizer@58e85c6f, org.springframework.boot.test.mock.mockito.MockitoContextCustomizer@0, org.springframework.boot.test.web.client.TestRestTemplateContextCustomizer@167279d1, org.springframework.boot.test.context.SpringBootTestArgs@1, org.springframework.boot.test.context.SpringBootTestWebEnvironment@338494fa], resourceBasePath = 'src/main/webapp', contextLoader = 'org.springframework.boot.test.context.SpringBootContextLoader', parent = [null]], attributes = map['org.springframework.test.context.web.ServletTestExecutionListener.activateListener' -> true]], class annotated with @DirtiesContext [false] with mode [null].

  .   ____          _            __ _ _
 /\\ / ___'_ __ _ _(_)_ __  __ _ \ \ \ \
( ( )\___ | '_ | '_| | '_ \/ _` | \ \ \ \
 \\/  ___)| |_)| | | | | || (_| |  ) ) ) )
  '  |____| .__|_| |_|_| |_\__, | / / / /
 =========|_|==============|___/=/_/_/_/
 :: Spring Boot ::                (v2.7.4)

2022-09-26 16:32:25.746  INFO 4792 --- [    Test worker] c.g.c.personas.PersonasApplicationTests  : Starting PersonasApplicationTests using Java 17 on eze1-lmc-b05008.local with PID 4792 (started by Martin in /Users/Martin/Desktop/Martin/api-personas)
2022-09-26 16:32:25.747  INFO 4792 --- [    Test worker] c.g.c.personas.PersonasApplicationTests  : No active profile set, falling back to 1 default profile: "default"
2022-09-26 16:32:26.781  INFO 4792 --- [    Test worker] .s.d.r.c.RepositoryConfigurationDelegate : Bootstrapping Spring Data JPA repositories in DEFAULT mode.
2022-09-26 16:32:26.833  INFO 4792 --- [    Test worker] .s.d.r.c.RepositoryConfigurationDelegate : Finished Spring Data repository scanning in 43 ms. Found 1 JPA repository interfaces.
2022-09-26 16:32:27.400  INFO 4792 --- [    Test worker] com.zaxxer.hikari.HikariDataSource       : HikariPool-1 - Starting...
2022-09-26 16:32:27.806  INFO 4792 --- [    Test worker] com.zaxxer.hikari.HikariDataSource       : HikariPool-1 - Start completed.
2022-09-26 16:32:27.880  INFO 4792 --- [    Test worker] o.hibernate.jpa.internal.util.LogHelper  : HHH000204: Processing PersistenceUnitInfo [name: default]
2022-09-26 16:32:27.956  INFO 4792 --- [    Test worker] org.hibernate.Version                    : HHH000412: Hibernate ORM core version 5.6.11.Final
2022-09-26 16:32:28.184  INFO 4792 --- [    Test worker] o.hibernate.annotations.common.Version   : HCANN000001: Hibernate Commons Annotations {5.1.2.Final}
2022-09-26 16:32:28.341  INFO 4792 --- [    Test worker] org.hibernate.dialect.Dialect            : HHH000400: Using dialect: org.hibernate.dialect.H2Dialect
2022-09-26 16:32:29.085  INFO 4792 --- [    Test worker] o.h.e.t.j.p.i.JtaPlatformInitiator       : HHH000490: Using JtaPlatform implementation: [org.hibernate.engine.transaction.jta.platform.internal.NoJtaPlatform]
2022-09-26 16:32:29.095  INFO 4792 --- [    Test worker] j.LocalContainerEntityManagerFactoryBean : Initialized JPA EntityManagerFactory for persistence unit 'default'
2022-09-26 16:32:29.661  WARN 4792 --- [    Test worker] JpaBaseConfiguration$JpaWebConfiguration : spring.jpa.open-in-view is enabled by default. Therefore, database queries may be performed during view rendering. Explicitly configure spring.jpa.open-in-view to disable this warning
2022-09-26 16:32:30.061  INFO 4792 --- [    Test worker] o.s.b.a.h2.H2ConsoleAutoConfiguration    : H2 console available at '/h2-console'. Database available at 'jdbc:h2:mem:personasdb'
2022-09-26 16:32:30.488  INFO 4792 --- [    Test worker] o.s.b.a.e.web.EndpointLinksResolver      : Exposing 1 endpoint(s) beneath base path '/actuator'
2022-09-26 16:32:30.534  INFO 4792 --- [    Test worker] c.g.c.personas.PersonasApplicationTests  : Started PersonasApplicationTests in 5.114 seconds (JVM running for 6.751)
]]></system-out>
  <system-err><![CDATA[]]></system-err>
</testsuite>
