<?xml version="1.0" encoding="UTF-8"?>
<testsuite name="Persona Controller Test" tests="9" skipped="0" failures="0" errors="0" timestamp="2022-09-28T13:39:46" hostname="eze1-lmc-b05008.local" time="0.908">
  <properties/>
  <testcase name="Lista de Personas" classname="com.gl.cm.personas.controller.PersonaControllerTest" time="0.487"/>
  <testcase name="Borrar Persona" classname="com.gl.cm.personas.controller.PersonaControllerTest" time="0.039"/>
  <testcase name="Guardar Persona" classname="com.gl.cm.personas.controller.PersonaControllerTest" time="0.274"/>
  <testcase name="Obtener persona No existente" classname="com.gl.cm.personas.controller.PersonaControllerTest" time="0.025"/>
  <testcase name="Obtener Personas" classname="com.gl.cm.personas.controller.PersonaControllerTest" time="0.022"/>
  <testcase name="Borrar Persona no existente" classname="com.gl.cm.personas.controller.PersonaControllerTest" time="0.009"/>
  <testcase name="Obtener persona Lanza Exception" classname="com.gl.cm.personas.controller.PersonaControllerTest" time="0.007"/>
  <testcase name="Actualizar Persona no existente" classname="com.gl.cm.personas.controller.PersonaControllerTest" time="0.012"/>
  <testcase name="Editar Persona" classname="com.gl.cm.personas.controller.PersonaControllerTest" time="0.014"/>
  <system-out><![CDATA[10:39:40.102 [Test worker] DEBUG org.springframework.test.context.BootstrapUtils - Instantiating CacheAwareContextLoaderDelegate from class [org.springframework.test.context.cache.DefaultCacheAwareContextLoaderDelegate]
10:39:40.146 [Test worker] DEBUG org.springframework.test.context.BootstrapUtils - Instantiating BootstrapContext using constructor [public org.springframework.test.context.support.DefaultBootstrapContext(java.lang.Class,org.springframework.test.context.CacheAwareContextLoaderDelegate)]
10:39:40.281 [Test worker] DEBUG org.springframework.test.context.BootstrapUtils - Instantiating TestContextBootstrapper for test class [com.gl.cm.personas.controller.PersonaControllerTest] from class [org.springframework.boot.test.autoconfigure.web.servlet.WebMvcTestContextBootstrapper]
10:39:40.318 [Test worker] INFO org.springframework.boot.test.autoconfigure.web.servlet.WebMvcTestContextBootstrapper - Neither @ContextConfiguration nor @ContextHierarchy found for test class [com.gl.cm.personas.controller.PersonaControllerTest], using SpringBootContextLoader
10:39:40.335 [Test worker] DEBUG org.springframework.test.context.support.AbstractContextLoader - Did not detect default resource location for test class [com.gl.cm.personas.controller.PersonaControllerTest]: class path resource [com/gl/cm/personas/controller/PersonaControllerTest-context.xml] does not exist
10:39:40.336 [Test worker] DEBUG org.springframework.test.context.support.AbstractContextLoader - Did not detect default resource location for test class [com.gl.cm.personas.controller.PersonaControllerTest]: class path resource [com/gl/cm/personas/controller/PersonaControllerTestContext.groovy] does not exist
10:39:40.336 [Test worker] INFO org.springframework.test.context.support.AbstractContextLoader - Could not detect default resource locations for test class [com.gl.cm.personas.controller.PersonaControllerTest]: no resource found for suffixes {-context.xml, Context.groovy}.
10:39:40.338 [Test worker] INFO org.springframework.test.context.support.AnnotationConfigContextLoaderUtils - Could not detect default configuration classes for test class [com.gl.cm.personas.controller.PersonaControllerTest]: PersonaControllerTest does not declare any static, non-private, non-final, nested classes annotated with @Configuration.
10:39:40.532 [Test worker] DEBUG org.springframework.test.context.support.ActiveProfilesUtils - Could not find an 'annotation declaring class' for annotation type [org.springframework.test.context.ActiveProfiles] and class [com.gl.cm.personas.controller.PersonaControllerTest]
10:39:40.727 [Test worker] DEBUG org.springframework.context.annotation.ClassPathScanningCandidateComponentProvider - Identified candidate component class: file [/Users/Martin/Desktop/Martin/api-personas/build/classes/java/main/com/gl/cm/personas/PersonasApplication.class]
10:39:40.728 [Test worker] INFO org.springframework.boot.test.context.SpringBootTestContextBootstrapper - Found @SpringBootConfiguration com.gl.cm.personas.PersonasApplication for test class com.gl.cm.personas.controller.PersonaControllerTest
10:39:40.734 [Test worker] DEBUG org.springframework.boot.test.autoconfigure.web.servlet.WebMvcTestContextBootstrapper - @TestExecutionListeners is not present for class [com.gl.cm.personas.controller.PersonaControllerTest]: using defaults.
10:39:40.735 [Test worker] INFO org.springframework.boot.test.autoconfigure.web.servlet.WebMvcTestContextBootstrapper - Loaded default TestExecutionListener class names from location [META-INF/spring.factories]: [org.springframework.boot.test.autoconfigure.restdocs.RestDocsTestExecutionListener, org.springframework.boot.test.autoconfigure.web.client.MockRestServiceServerResetTestExecutionListener, org.springframework.boot.test.autoconfigure.web.servlet.MockMvcPrintOnlyOnFailureTestExecutionListener, org.springframework.boot.test.autoconfigure.web.servlet.WebDriverTestExecutionListener, org.springframework.boot.test.autoconfigure.webservices.client.MockWebServiceServerTestExecutionListener, org.springframework.boot.test.mock.mockito.MockitoTestExecutionListener, org.springframework.boot.test.mock.mockito.ResetMocksTestExecutionListener, org.springframework.test.context.web.ServletTestExecutionListener, org.springframework.test.context.support.DirtiesContextBeforeModesTestExecutionListener, org.springframework.test.context.event.ApplicationEventsTestExecutionListener, org.springframework.test.context.support.DependencyInjectionTestExecutionListener, org.springframework.test.context.support.DirtiesContextTestExecutionListener, org.springframework.test.context.transaction.TransactionalTestExecutionListener, org.springframework.test.context.jdbc.SqlScriptsTestExecutionListener, org.springframework.test.context.event.EventPublishingTestExecutionListener]
10:39:40.797 [Test worker] INFO org.springframework.boot.test.autoconfigure.web.servlet.WebMvcTestContextBootstrapper - Using TestExecutionListeners: [org.springframework.test.context.web.ServletTestExecutionListener@6f5c4e14, org.springframework.test.context.support.DirtiesContextBeforeModesTestExecutionListener@4436d202, org.springframework.test.context.event.ApplicationEventsTestExecutionListener@4e883c2c, org.springframework.boot.test.mock.mockito.MockitoTestExecutionListener@6b614671, org.springframework.boot.test.autoconfigure.SpringBootDependencyInjectionTestExecutionListener@66c089e7, org.springframework.test.context.support.DirtiesContextTestExecutionListener@1414f1ff, org.springframework.test.context.transaction.TransactionalTestExecutionListener@1b72d60d, org.springframework.test.context.jdbc.SqlScriptsTestExecutionListener@7a4159dc, org.springframework.test.context.event.EventPublishingTestExecutionListener@182c78c2, org.springframework.boot.test.autoconfigure.restdocs.RestDocsTestExecutionListener@2b84e931, org.springframework.boot.test.autoconfigure.web.client.MockRestServiceServerResetTestExecutionListener@264b90f2, org.springframework.boot.test.autoconfigure.web.servlet.MockMvcPrintOnlyOnFailureTestExecutionListener@5634a25e, org.springframework.boot.test.autoconfigure.web.servlet.WebDriverTestExecutionListener@2da53a32, org.springframework.boot.test.autoconfigure.webservices.client.MockWebServiceServerTestExecutionListener@216483d6, org.springframework.boot.test.mock.mockito.ResetMocksTestExecutionListener@5bd25b08]
10:39:40.805 [Test worker] DEBUG org.springframework.test.context.support.AbstractDirtiesContextTestExecutionListener - Before test class: context [DefaultTestContext@34afce90 testClass = PersonaControllerTest, testInstance = [null], testMethod = [null], testException = [null], mergedContextConfiguration = [WebMergedContextConfiguration@20cc1d8f testClass = PersonaControllerTest, locations = '{}', classes = '{class com.gl.cm.personas.PersonasApplication}', contextInitializerClasses = '[]', activeProfiles = '{}', propertySourceLocations = '{}', propertySourceProperties = '{org.springframework.boot.test.autoconfigure.web.servlet.WebMvcTestContextBootstrapper=true}', contextCustomizers = set[org.springframework.boot.test.autoconfigure.OverrideAutoConfigurationContextCustomizerFactory$DisableAutoConfigurationContextCustomizer@176cb681, org.springframework.boot.test.autoconfigure.actuate.metrics.MetricsExportContextCustomizerFactory$DisableMetricExportContextCustomizer@5c0dae8d, org.springframework.boot.test.autoconfigure.filter.TypeExcludeFiltersContextCustomizer@9f302125, org.springframework.boot.test.autoconfigure.properties.PropertyMappingContextCustomizer@45d06e4d, org.springframework.boot.test.autoconfigure.web.servlet.WebDriverContextCustomizerFactory$Customizer@5dd40b65, [ImportsContextCustomizer@2334ab99 key = [org.springframework.boot.autoconfigure.cache.CacheAutoConfiguration, org.springframework.boot.autoconfigure.context.MessageSourceAutoConfiguration, org.springframework.boot.autoconfigure.data.web.SpringDataWebAutoConfiguration, org.springframework.boot.autoconfigure.freemarker.FreeMarkerAutoConfiguration, org.springframework.boot.autoconfigure.groovy.template.GroovyTemplateAutoConfiguration, org.springframework.boot.autoconfigure.gson.GsonAutoConfiguration, org.springframework.boot.autoconfigure.hateoas.HypermediaAutoConfiguration, org.springframework.boot.autoconfigure.http.HttpMessageConvertersAutoConfiguration, org.springframework.boot.autoconfigure.jackson.JacksonAutoConfiguration, org.springframework.boot.autoconfigure.jsonb.JsonbAutoConfiguration, org.springframework.boot.autoconfigure.mustache.MustacheAutoConfiguration, org.springframework.boot.autoconfigure.task.TaskExecutionAutoConfiguration, org.springframework.boot.autoconfigure.thymeleaf.ThymeleafAutoConfiguration, org.springframework.boot.autoconfigure.validation.ValidationAutoConfiguration, org.springframework.boot.autoconfigure.web.servlet.error.ErrorMvcAutoConfiguration, org.springframework.boot.autoconfigure.web.servlet.HttpEncodingAutoConfiguration, org.springframework.boot.autoconfigure.web.servlet.WebMvcAutoConfiguration, org.springframework.boot.test.autoconfigure.web.servlet.MockMvcAutoConfiguration, org.springframework.boot.test.autoconfigure.web.servlet.MockMvcWebClientAutoConfiguration, org.springframework.boot.test.autoconfigure.web.servlet.MockMvcWebDriverAutoConfiguration, org.springframework.boot.autoconfigure.security.oauth2.client.servlet.OAuth2ClientAutoConfiguration, org.springframework.boot.autoconfigure.security.oauth2.resource.servlet.OAuth2ResourceServerAutoConfiguration, org.springframework.boot.autoconfigure.security.servlet.SecurityAutoConfiguration, org.springframework.boot.autoconfigure.security.servlet.SecurityFilterAutoConfiguration, org.springframework.boot.autoconfigure.security.servlet.UserDetailsServiceAutoConfiguration, org.springframework.boot.test.autoconfigure.web.servlet.MockMvcSecurityConfiguration, org.springframework.boot.test.autoconfigure.web.reactive.WebTestClientAutoConfiguration]], org.springframework.boot.test.context.filter.ExcludeFilterContextCustomizer@6a95e4b, org.springframework.boot.test.json.DuplicateJsonObjectContextCustomizerFactory$DuplicateJsonObjectContextCustomizer@75a5ffe1, org.springframework.boot.test.mock.mockito.MockitoContextCustomizer@6a3232a6, org.springframework.boot.test.context.SpringBootTestArgs@1, org.springframework.boot.test.context.SpringBootTestWebEnvironment@0], resourceBasePath = 'src/main/webapp', contextLoader = 'org.springframework.boot.test.context.SpringBootContextLoader', parent = [null]], attributes = map[[empty]]], class annotated with @DirtiesContext [false] with mode [null].

  .   ____          _            __ _ _
 /\\ / ___'_ __ _ _(_)_ __  __ _ \ \ \ \
( ( )\___ | '_ | '_| | '_ \/ _` | \ \ \ \
 \\/  ___)| |_)| | | | | || (_| |  ) ) ) )
  '  |____| .__|_| |_|_| |_\__, | / / / /
 =========|_|==============|___/=/_/_/_/
 :: Spring Boot ::                (v2.7.4)

2022-09-28 10:39:41.958  INFO 2331 --- [    Test worker] c.g.c.p.c.PersonaControllerTest          : Starting PersonaControllerTest using Java 11.0.12 on eze1-lmc-b05008.local with PID 2331 (started by Martin in /Users/Martin/Desktop/Martin/api-personas)
2022-09-28 10:39:41.960  INFO 2331 --- [    Test worker] c.g.c.p.c.PersonaControllerTest          : No active profile set, falling back to 1 default profile: "default"
2022-09-28 10:39:45.973  INFO 2331 --- [    Test worker] o.s.b.t.m.w.SpringBootMockServletContext : Initializing Spring TestDispatcherServlet ''
2022-09-28 10:39:45.974  INFO 2331 --- [    Test worker] o.s.t.web.servlet.TestDispatcherServlet  : Initializing Servlet ''
2022-09-28 10:39:45.975  INFO 2331 --- [    Test worker] o.s.t.web.servlet.TestDispatcherServlet  : Completed initialization in 1 ms
2022-09-28 10:39:46.048  INFO 2331 --- [    Test worker] c.g.c.p.c.PersonaControllerTest          : Started PersonaControllerTest in 5.108 seconds (JVM running for 8.209)
]]></system-out>
  <system-err><![CDATA[[2022.09.28 10:39:40] (Coverage): Error during class instrumentation: org.springframework.boot.logging.log4j2.Log4J2LoggingSystem: java.lang.RuntimeException: java.io.IOException: Class org/apache/logging/log4j/core/config/composite/CompositeConfiguration not found
]]></system-err>
</testsuite>
