<?xml version="1.0" encoding="UTF-8"?>
<testsuite name="com.gl.cm.personas.PersonasApplicationTests" tests="1" skipped="0" failures="0" errors="0" timestamp="2022-09-26T18:56:09" hostname="eze1-lmc-b05008.local" time="0.205">
  <properties/>
  <testcase name="contextLoads()" classname="com.gl.cm.personas.PersonasApplicationTests" time="0.205"/>
  <system-out><![CDATA[15:56:01.697 [Test worker] DEBUG org.springframework.test.context.BootstrapUtils - Instantiating CacheAwareContextLoaderDelegate from class [org.springframework.test.context.cache.DefaultCacheAwareContextLoaderDelegate]
15:56:01.724 [Test worker] DEBUG org.springframework.test.context.BootstrapUtils - Instantiating BootstrapContext using constructor [public org.springframework.test.context.support.DefaultBootstrapContext(java.lang.Class,org.springframework.test.context.CacheAwareContextLoaderDelegate)]
15:56:01.839 [Test worker] DEBUG org.springframework.test.context.BootstrapUtils - Instantiating TestContextBootstrapper for test class [com.gl.cm.personas.PersonasApplicationTests] from class [org.springframework.boot.test.context.SpringBootTestContextBootstrapper]
15:56:01.871 [Test worker] INFO org.springframework.boot.test.context.SpringBootTestContextBootstrapper - Neither @ContextConfiguration nor @ContextHierarchy found for test class [com.gl.cm.personas.PersonasApplicationTests], using SpringBootContextLoader
15:56:01.883 [Test worker] DEBUG org.springframework.test.context.support.AbstractContextLoader - Did not detect default resource location for test class [com.gl.cm.personas.PersonasApplicationTests]: class path resource [com/gl/cm/personas/PersonasApplicationTests-context.xml] does not exist
15:56:01.884 [Test worker] DEBUG org.springframework.test.context.support.AbstractContextLoader - Did not detect default resource location for test class [com.gl.cm.personas.PersonasApplicationTests]: class path resource [com/gl/cm/personas/PersonasApplicationTestsContext.groovy] does not exist
15:56:01.884 [Test worker] INFO org.springframework.test.context.support.AbstractContextLoader - Could not detect default resource locations for test class [com.gl.cm.personas.PersonasApplicationTests]: no resource found for suffixes {-context.xml, Context.groovy}.
15:56:01.886 [Test worker] INFO org.springframework.test.context.support.AnnotationConfigContextLoaderUtils - Could not detect default configuration classes for test class [com.gl.cm.personas.PersonasApplicationTests]: PersonasApplicationTests does not declare any static, non-private, non-final, nested classes annotated with @Configuration.
15:56:02.021 [Test worker] DEBUG org.springframework.test.context.support.ActiveProfilesUtils - Could not find an 'annotation declaring class' for annotation type [org.springframework.test.context.ActiveProfiles] and class [com.gl.cm.personas.PersonasApplicationTests]
15:56:02.189 [Test worker] DEBUG org.springframework.context.annotation.ClassPathScanningCandidateComponentProvider - Identified candidate component class: file [/Users/Martin/Desktop/Martin/api-personas/build/classes/java/main/com/gl/cm/personas/PersonasApplication.class]
15:56:02.191 [Test worker] INFO org.springframework.boot.test.context.SpringBootTestContextBootstrapper - Found @SpringBootConfiguration com.gl.cm.personas.PersonasApplication for test class com.gl.cm.personas.PersonasApplicationTests
15:56:02.771 [Test worker] DEBUG org.springframework.boot.test.context.SpringBootTestContextBootstrapper - @TestExecutionListeners is not present for class [com.gl.cm.personas.PersonasApplicationTests]: using defaults.
15:56:02.772 [Test worker] INFO org.springframework.boot.test.context.SpringBootTestContextBootstrapper - Loaded default TestExecutionListener class names from location [META-INF/spring.factories]: [org.springframework.boot.test.autoconfigure.restdocs.RestDocsTestExecutionListener, org.springframework.boot.test.autoconfigure.web.client.MockRestServiceServerResetTestExecutionListener, org.springframework.boot.test.autoconfigure.web.servlet.MockMvcPrintOnlyOnFailureTestExecutionListener, org.springframework.boot.test.autoconfigure.web.servlet.WebDriverTestExecutionListener, org.springframework.boot.test.autoconfigure.webservices.client.MockWebServiceServerTestExecutionListener, org.springframework.boot.test.mock.mockito.MockitoTestExecutionListener, org.springframework.boot.test.mock.mockito.ResetMocksTestExecutionListener, org.springframework.test.context.web.ServletTestExecutionListener, org.springframework.test.context.support.DirtiesContextBeforeModesTestExecutionListener, org.springframework.test.context.event.ApplicationEventsTestExecutionListener, org.springframework.test.context.support.DependencyInjectionTestExecutionListener, org.springframework.test.context.support.DirtiesContextTestExecutionListener, org.springframework.test.context.transaction.TransactionalTestExecutionListener, org.springframework.test.context.jdbc.SqlScriptsTestExecutionListener, org.springframework.test.context.event.EventPublishingTestExecutionListener]
15:56:02.826 [Test worker] INFO org.springframework.boot.test.context.SpringBootTestContextBootstrapper - Using TestExecutionListeners: [org.springframework.test.context.web.ServletTestExecutionListener@2a53f215, org.springframework.test.context.support.DirtiesContextBeforeModesTestExecutionListener@6b63e6ad, org.springframework.test.context.event.ApplicationEventsTestExecutionListener@7beae796, org.springframework.boot.test.mock.mockito.MockitoTestExecutionListener@6749fe50, org.springframework.boot.test.autoconfigure.SpringBootDependencyInjectionTestExecutionListener@52bf7bf6, org.springframework.test.context.support.DirtiesContextTestExecutionListener@261db982, org.springframework.test.context.transaction.TransactionalTestExecutionListener@ae73c80, org.springframework.test.context.jdbc.SqlScriptsTestExecutionListener@22f4f8f2, org.springframework.test.context.event.EventPublishingTestExecutionListener@bbd4791, org.springframework.boot.test.autoconfigure.restdocs.RestDocsTestExecutionListener@40a72ecd, org.springframework.boot.test.autoconfigure.web.client.MockRestServiceServerResetTestExecutionListener@73971965, org.springframework.boot.test.autoconfigure.web.servlet.MockMvcPrintOnlyOnFailureTestExecutionListener@76a14c8d, org.springframework.boot.test.autoconfigure.web.servlet.WebDriverTestExecutionListener@17410c07, org.springframework.boot.test.autoconfigure.webservices.client.MockWebServiceServerTestExecutionListener@6ee99964, org.springframework.boot.test.mock.mockito.ResetMocksTestExecutionListener@257ef9ed]
15:56:02.836 [Test worker] DEBUG org.springframework.test.context.support.AbstractDirtiesContextTestExecutionListener - Before test class: context [DefaultTestContext@28757abd testClass = PersonasApplicationTests, testInstance = [null], testMethod = [null], testException = [null], mergedContextConfiguration = [WebMergedContextConfiguration@21a02556 testClass = PersonasApplicationTests, locations = '{}', classes = '{class com.gl.cm.personas.PersonasApplication}', contextInitializerClasses = '[]', activeProfiles = '{}', propertySourceLocations = '{}', propertySourceProperties = '{org.springframework.boot.test.context.SpringBootTestContextBootstrapper=true}', contextCustomizers = set[org.springframework.boot.test.autoconfigure.actuate.metrics.MetricsExportContextCustomizerFactory$DisableMetricExportContextCustomizer@7de843ef, org.springframework.boot.test.autoconfigure.properties.PropertyMappingContextCustomizer@0, org.springframework.boot.test.autoconfigure.web.servlet.WebDriverContextCustomizerFactory$Customizer@2add4d24, org.springframework.boot.test.context.filter.ExcludeFilterContextCustomizer@1431267b, org.springframework.boot.test.json.DuplicateJsonObjectContextCustomizerFactory$DuplicateJsonObjectContextCustomizer@4ab550d5, org.springframework.boot.test.mock.mockito.MockitoContextCustomizer@0, org.springframework.boot.test.web.client.TestRestTemplateContextCustomizer@3e6534e7, org.springframework.boot.test.context.SpringBootTestArgs@1, org.springframework.boot.test.context.SpringBootTestWebEnvironment@338494fa], resourceBasePath = 'src/main/webapp', contextLoader = 'org.springframework.boot.test.context.SpringBootContextLoader', parent = [null]], attributes = map['org.springframework.test.context.web.ServletTestExecutionListener.activateListener' -> true]], class annotated with @DirtiesContext [false] with mode [null].

  .   ____          _            __ _ _
 /\\ / ___'_ __ _ _(_)_ __  __ _ \ \ \ \
( ( )\___ | '_ | '_| | '_ \/ _` | \ \ \ \
 \\/  ___)| |_)| | | | | || (_| |  ) ) ) )
  '  |____| .__|_| |_|_| |_\__, | / / / /
 =========|_|==============|___/=/_/_/_/
 :: Spring Boot ::                (v2.7.4)

2022-09-26 15:56:03.557  INFO 4396 --- [    Test worker] c.g.c.personas.PersonasApplicationTests  : Starting PersonasApplicationTests using Java 17 on eze1-lmc-b05008.local with PID 4396 (started by Martin in /Users/Martin/Desktop/Martin/api-personas)
2022-09-26 15:56:03.558  INFO 4396 --- [    Test worker] c.g.c.personas.PersonasApplicationTests  : No active profile set, falling back to 1 default profile: "default"
2022-09-26 15:56:04.853  INFO 4396 --- [    Test worker] .s.d.r.c.RepositoryConfigurationDelegate : Bootstrapping Spring Data JPA repositories in DEFAULT mode.
2022-09-26 15:56:04.920  INFO 4396 --- [    Test worker] .s.d.r.c.RepositoryConfigurationDelegate : Finished Spring Data repository scanning in 53 ms. Found 1 JPA repository interfaces.
2022-09-26 15:56:05.635  INFO 4396 --- [    Test worker] com.zaxxer.hikari.HikariDataSource       : HikariPool-1 - Starting...
2022-09-26 15:56:06.123  INFO 4396 --- [    Test worker] com.zaxxer.hikari.HikariDataSource       : HikariPool-1 - Start completed.
2022-09-26 15:56:06.201  INFO 4396 --- [    Test worker] o.hibernate.jpa.internal.util.LogHelper  : HHH000204: Processing PersistenceUnitInfo [name: default]
2022-09-26 15:56:06.282  INFO 4396 --- [    Test worker] org.hibernate.Version                    : HHH000412: Hibernate ORM core version 5.6.11.Final
2022-09-26 15:56:06.511  INFO 4396 --- [    Test worker] o.hibernate.annotations.common.Version   : HCANN000001: Hibernate Commons Annotations {5.1.2.Final}
2022-09-26 15:56:06.683  INFO 4396 --- [    Test worker] org.hibernate.dialect.Dialect            : HHH000400: Using dialect: org.hibernate.dialect.H2Dialect
2022-09-26 15:56:07.538  INFO 4396 --- [    Test worker] o.h.e.t.j.p.i.JtaPlatformInitiator       : HHH000490: Using JtaPlatform implementation: [org.hibernate.engine.transaction.jta.platform.internal.NoJtaPlatform]
2022-09-26 15:56:07.552  INFO 4396 --- [    Test worker] j.LocalContainerEntityManagerFactoryBean : Initialized JPA EntityManagerFactory for persistence unit 'default'
2022-09-26 15:56:08.210  WARN 4396 --- [    Test worker] JpaBaseConfiguration$JpaWebConfiguration : spring.jpa.open-in-view is enabled by default. Therefore, database queries may be performed during view rendering. Explicitly configure spring.jpa.open-in-view to disable this warning
2022-09-26 15:56:08.706  INFO 4396 --- [    Test worker] o.s.b.a.h2.H2ConsoleAutoConfiguration    : H2 console available at '/h2-console'. Database available at 'jdbc:h2:mem:personasdb'
2022-09-26 15:56:09.307  INFO 4396 --- [    Test worker] o.s.b.a.e.web.EndpointLinksResolver      : Exposing 1 endpoint(s) beneath base path '/actuator'
2022-09-26 15:56:09.367  INFO 4396 --- [    Test worker] c.g.c.personas.PersonasApplicationTests  : Started PersonasApplicationTests in 6.348 seconds (JVM running for 9.018)
]]></system-out>
  <system-err><![CDATA[]]></system-err>
</testsuite>
