<?xml version="1.0" encoding="UTF-8"?>
<testsuite name="Persona Service" tests="8" skipped="0" failures="0" errors="0" timestamp="2022-09-26T19:32:32" hostname="eze1-lmc-b05008.local" time="0.089">
  <properties/>
  <testcase name="Obtener Lista de personas" classname="com.gl.cm.personas.service.PersonaServiceTest" time="0.038"/>
  <testcase name="Obtener persona por Id" classname="com.gl.cm.personas.service.PersonaServiceTest" time="0.006"/>
  <testcase name="Borrar persona" classname="com.gl.cm.personas.service.PersonaServiceTest" time="0.005"/>
  <testcase name="Borrar persona No existente" classname="com.gl.cm.personas.service.PersonaServiceTest" time="0.007"/>
  <testcase name="Guardar Persona" classname="com.gl.cm.personas.service.PersonaServiceTest" time="0.008"/>
  <testcase name="Persona no existe" classname="com.gl.cm.personas.service.PersonaServiceTest" time="0.004"/>
  <testcase name="Editar Persona Not Found" classname="com.gl.cm.personas.service.PersonaServiceTest" time="0.006"/>
  <testcase name="Editar Persona" classname="com.gl.cm.personas.service.PersonaServiceTest" time="0.006"/>
  <system-out><![CDATA[2022-09-26 16:32:31.608  INFO 4792 --- [    Test worker] .b.t.c.SpringBootTestContextBootstrapper : Neither @ContextConfiguration nor @ContextHierarchy found for test class [com.gl.cm.personas.service.PersonaServiceTest], using SpringBootContextLoader
2022-09-26 16:32:31.609  INFO 4792 --- [    Test worker] o.s.t.c.support.AbstractContextLoader    : Could not detect default resource locations for test class [com.gl.cm.personas.service.PersonaServiceTest]: no resource found for suffixes {-context.xml, Context.groovy}.
2022-09-26 16:32:31.609  INFO 4792 --- [    Test worker] t.c.s.AnnotationConfigContextLoaderUtils : Could not detect default configuration classes for test class [com.gl.cm.personas.service.PersonaServiceTest]: PersonaServiceTest does not declare any static, non-private, non-final, nested classes annotated with @Configuration.
2022-09-26 16:32:31.615  INFO 4792 --- [    Test worker] .b.t.c.SpringBootTestContextBootstrapper : Found @SpringBootConfiguration com.gl.cm.personas.PersonasApplication for test class com.gl.cm.personas.service.PersonaServiceTest
2022-09-26 16:32:31.618  INFO 4792 --- [    Test worker] .b.t.c.SpringBootTestContextBootstrapper : Loaded default TestExecutionListener class names from location [META-INF/spring.factories]: [org.springframework.boot.test.autoconfigure.restdocs.RestDocsTestExecutionListener, org.springframework.boot.test.autoconfigure.web.client.MockRestServiceServerResetTestExecutionListener, org.springframework.boot.test.autoconfigure.web.servlet.MockMvcPrintOnlyOnFailureTestExecutionListener, org.springframework.boot.test.autoconfigure.web.servlet.WebDriverTestExecutionListener, org.springframework.boot.test.autoconfigure.webservices.client.MockWebServiceServerTestExecutionListener, org.springframework.boot.test.mock.mockito.MockitoTestExecutionListener, org.springframework.boot.test.mock.mockito.ResetMocksTestExecutionListener, org.springframework.test.context.web.ServletTestExecutionListener, org.springframework.test.context.support.DirtiesContextBeforeModesTestExecutionListener, org.springframework.test.context.event.ApplicationEventsTestExecutionListener, org.springframework.test.context.support.DependencyInjectionTestExecutionListener, org.springframework.test.context.support.DirtiesContextTestExecutionListener, org.springframework.test.context.transaction.TransactionalTestExecutionListener, org.springframework.test.context.jdbc.SqlScriptsTestExecutionListener, org.springframework.test.context.event.EventPublishingTestExecutionListener]
2022-09-26 16:32:31.618  INFO 4792 --- [    Test worker] .b.t.c.SpringBootTestContextBootstrapper : Using TestExecutionListeners: [org.springframework.test.context.web.ServletTestExecutionListener@31e0312f, org.springframework.test.context.support.DirtiesContextBeforeModesTestExecutionListener@262dc30b, org.springframework.test.context.event.ApplicationEventsTestExecutionListener@29ffc1f3, org.springframework.boot.test.mock.mockito.MockitoTestExecutionListener@37754509, org.springframework.boot.test.autoconfigure.SpringBootDependencyInjectionTestExecutionListener@72c7381, org.springframework.test.context.support.DirtiesContextTestExecutionListener@4f51cdf4, org.springframework.test.context.transaction.TransactionalTestExecutionListener@18f67db4, org.springframework.test.context.jdbc.SqlScriptsTestExecutionListener@5b63eae, org.springframework.test.context.event.EventPublishingTestExecutionListener@61e2e5e2, org.springframework.boot.test.autoconfigure.restdocs.RestDocsTestExecutionListener@209dba47, org.springframework.boot.test.autoconfigure.web.client.MockRestServiceServerResetTestExecutionListener@bad783d, org.springframework.boot.test.autoconfigure.web.servlet.MockMvcPrintOnlyOnFailureTestExecutionListener@3fda74a8, org.springframework.boot.test.autoconfigure.web.servlet.WebDriverTestExecutionListener@49614b44, org.springframework.boot.test.autoconfigure.webservices.client.MockWebServiceServerTestExecutionListener@4e38fad, org.springframework.boot.test.mock.mockito.ResetMocksTestExecutionListener@64ef639c]

  .   ____          _            __ _ _
 /\\ / ___'_ __ _ _(_)_ __  __ _ \ \ \ \
( ( )\___ | '_ | '_| | '_ \/ _` | \ \ \ \
 \\/  ___)| |_)| | | | | || (_| |  ) ) ) )
  '  |____| .__|_| |_|_| |_\__, | / / / /
 =========|_|==============|___/=/_/_/_/
 :: Spring Boot ::                (v2.7.4)

2022-09-26 16:32:31.636  INFO 4792 --- [    Test worker] c.g.c.p.service.PersonaServiceTest       : Starting PersonaServiceTest using Java 17 on eze1-lmc-b05008.local with PID 4792 (started by Martin in /Users/Martin/Desktop/Martin/api-personas)
2022-09-26 16:32:31.637  INFO 4792 --- [    Test worker] c.g.c.p.service.PersonaServiceTest       : No active profile set, falling back to 1 default profile: "default"
2022-09-26 16:32:31.817  INFO 4792 --- [    Test worker] .s.d.r.c.RepositoryConfigurationDelegate : Bootstrapping Spring Data JPA repositories in DEFAULT mode.
2022-09-26 16:32:31.822  INFO 4792 --- [    Test worker] .s.d.r.c.RepositoryConfigurationDelegate : Finished Spring Data repository scanning in 4 ms. Found 1 JPA repository interfaces.
2022-09-26 16:32:31.937  INFO 4792 --- [    Test worker] com.zaxxer.hikari.HikariDataSource       : HikariPool-2 - Starting...
2022-09-26 16:32:31.938  INFO 4792 --- [    Test worker] com.zaxxer.hikari.HikariDataSource       : HikariPool-2 - Start completed.
2022-09-26 16:32:31.945  INFO 4792 --- [    Test worker] o.hibernate.jpa.internal.util.LogHelper  : HHH000204: Processing PersistenceUnitInfo [name: default]
2022-09-26 16:32:31.948  INFO 4792 --- [    Test worker] org.hibernate.dialect.Dialect            : HHH000400: Using dialect: org.hibernate.dialect.H2Dialect
2022-09-26 16:32:31.982  INFO 4792 --- [    Test worker] o.h.e.t.j.p.i.JtaPlatformInitiator       : HHH000490: Using JtaPlatform implementation: [org.hibernate.engine.transaction.jta.platform.internal.NoJtaPlatform]
2022-09-26 16:32:31.982  INFO 4792 --- [    Test worker] j.LocalContainerEntityManagerFactoryBean : Initialized JPA EntityManagerFactory for persistence unit 'default'
2022-09-26 16:32:32.065  WARN 4792 --- [    Test worker] JpaBaseConfiguration$JpaWebConfiguration : spring.jpa.open-in-view is enabled by default. Therefore, database queries may be performed during view rendering. Explicitly configure spring.jpa.open-in-view to disable this warning
2022-09-26 16:32:32.185  INFO 4792 --- [    Test worker] o.s.b.a.h2.H2ConsoleAutoConfiguration    : H2 console available at '/h2-console'. Database available at 'jdbc:h2:mem:personasdb'
2022-09-26 16:32:32.374  INFO 4792 --- [    Test worker] o.s.b.a.e.web.EndpointLinksResolver      : Exposing 1 endpoint(s) beneath base path '/actuator'
2022-09-26 16:32:32.398  INFO 4792 --- [    Test worker] c.g.c.p.service.PersonaServiceTest       : Started PersonaServiceTest in 0.777 seconds (JVM running for 8.615)
]]></system-out>
  <system-err><![CDATA[]]></system-err>
</testsuite>
