<?xml version="1.0" encoding="UTF-8"?>
<testsuite name="Persona Controller Test" tests="9" skipped="0" failures="0" errors="0" timestamp="2022-09-28T13:35:18" hostname="eze1-lmc-b05008.local" time="0.381">
  <properties/>
  <testcase name="Lista de Personas" classname="com.gl.cm.personas.controller.PersonaControllerTest" time="0.198"/>
  <testcase name="Borrar Persona" classname="com.gl.cm.personas.controller.PersonaControllerTest" time="0.021"/>
  <testcase name="Guardar Persona" classname="com.gl.cm.personas.controller.PersonaControllerTest" time="0.085"/>
  <testcase name="Obtener persona No existente" classname="com.gl.cm.personas.controller.PersonaControllerTest" time="0.015"/>
  <testcase name="Obtener Personas" classname="com.gl.cm.personas.controller.PersonaControllerTest" time="0.013"/>
  <testcase name="Borrar Persona no existente" classname="com.gl.cm.personas.controller.PersonaControllerTest" time="0.008"/>
  <testcase name="Obtener persona Lanza Exception" classname="com.gl.cm.personas.controller.PersonaControllerTest" time="0.007"/>
  <testcase name="Actualizar Persona no existente" classname="com.gl.cm.personas.controller.PersonaControllerTest" time="0.008"/>
  <testcase name="Editar Persona" classname="com.gl.cm.personas.controller.PersonaControllerTest" time="0.01"/>
  <system-out><![CDATA[2022-09-28 10:35:17.977  INFO 2177 --- [    Test worker] .b.t.a.w.s.WebMvcTestContextBootstrapper : Neither @ContextConfiguration nor @ContextHierarchy found for test class [com.gl.cm.personas.controller.PersonaControllerTest], using SpringBootContextLoader
2022-09-28 10:35:17.978  INFO 2177 --- [    Test worker] o.s.t.c.support.AbstractContextLoader    : Could not detect default resource locations for test class [com.gl.cm.personas.controller.PersonaControllerTest]: no resource found for suffixes {-context.xml, Context.groovy}.
2022-09-28 10:35:17.978  INFO 2177 --- [    Test worker] t.c.s.AnnotationConfigContextLoaderUtils : Could not detect default configuration classes for test class [com.gl.cm.personas.controller.PersonaControllerTest]: PersonaControllerTest does not declare any static, non-private, non-final, nested classes annotated with @Configuration.
2022-09-28 10:35:18.002  INFO 2177 --- [    Test worker] .b.t.c.SpringBootTestContextBootstrapper : Found @SpringBootConfiguration com.gl.cm.personas.PersonasApplication for test class com.gl.cm.personas.controller.PersonaControllerTest
2022-09-28 10:35:18.004  INFO 2177 --- [    Test worker] .b.t.a.w.s.WebMvcTestContextBootstrapper : Loaded default TestExecutionListener class names from location [META-INF/spring.factories]: [org.springframework.boot.test.autoconfigure.restdocs.RestDocsTestExecutionListener, org.springframework.boot.test.autoconfigure.web.client.MockRestServiceServerResetTestExecutionListener, org.springframework.boot.test.autoconfigure.web.servlet.MockMvcPrintOnlyOnFailureTestExecutionListener, org.springframework.boot.test.autoconfigure.web.servlet.WebDriverTestExecutionListener, org.springframework.boot.test.autoconfigure.webservices.client.MockWebServiceServerTestExecutionListener, org.springframework.boot.test.mock.mockito.MockitoTestExecutionListener, org.springframework.boot.test.mock.mockito.ResetMocksTestExecutionListener, org.springframework.test.context.web.ServletTestExecutionListener, org.springframework.test.context.support.DirtiesContextBeforeModesTestExecutionListener, org.springframework.test.context.event.ApplicationEventsTestExecutionListener, org.springframework.test.context.support.DependencyInjectionTestExecutionListener, org.springframework.test.context.support.DirtiesContextTestExecutionListener, org.springframework.test.context.transaction.TransactionalTestExecutionListener, org.springframework.test.context.jdbc.SqlScriptsTestExecutionListener, org.springframework.test.context.event.EventPublishingTestExecutionListener]
2022-09-28 10:35:18.004  INFO 2177 --- [    Test worker] .b.t.a.w.s.WebMvcTestContextBootstrapper : Using TestExecutionListeners: [org.springframework.test.context.web.ServletTestExecutionListener@7dce9137, org.springframework.test.context.support.DirtiesContextBeforeModesTestExecutionListener@7e88af98, org.springframework.test.context.event.ApplicationEventsTestExecutionListener@262cf9, org.springframework.boot.test.mock.mockito.MockitoTestExecutionListener@4efa7f30, org.springframework.boot.test.autoconfigure.SpringBootDependencyInjectionTestExecutionListener@47b408f1, org.springframework.test.context.support.DirtiesContextTestExecutionListener@7cfb8bf0, org.springframework.test.context.transaction.TransactionalTestExecutionListener@4d8b2172, org.springframework.test.context.jdbc.SqlScriptsTestExecutionListener@5095d40c, org.springframework.test.context.event.EventPublishingTestExecutionListener@3701ad6f, org.springframework.boot.test.autoconfigure.restdocs.RestDocsTestExecutionListener@17050474, org.springframework.boot.test.autoconfigure.web.client.MockRestServiceServerResetTestExecutionListener@3912757, org.springframework.boot.test.autoconfigure.web.servlet.MockMvcPrintOnlyOnFailureTestExecutionListener@7d5ab69d, org.springframework.boot.test.autoconfigure.web.servlet.WebDriverTestExecutionListener@470a068c, org.springframework.boot.test.autoconfigure.webservices.client.MockWebServiceServerTestExecutionListener@78938cbd, org.springframework.boot.test.mock.mockito.ResetMocksTestExecutionListener@7232a767]

  .   ____          _            __ _ _
 /\\ / ___'_ __ _ _(_)_ __  __ _ \ \ \ \
( ( )\___ | '_ | '_| | '_ \/ _` | \ \ \ \
 \\/  ___)| |_)| | | | | || (_| |  ) ) ) )
  '  |____| .__|_| |_|_| |_\__, | / / / /
 =========|_|==============|___/=/_/_/_/
 :: Spring Boot ::                (v2.7.4)

2022-09-28 10:35:18.033  INFO 2177 --- [    Test worker] c.g.c.p.c.PersonaControllerTest          : Starting PersonaControllerTest using Java 17 on eze1-lmc-b05008.local with PID 2177 (started by Martin in /Users/Martin/Desktop/Martin/api-personas)
2022-09-28 10:35:18.033  INFO 2177 --- [    Test worker] c.g.c.p.c.PersonaControllerTest          : No active profile set, falling back to 1 default profile: "default"
2022-09-28 10:35:18.451  INFO 2177 --- [    Test worker] o.s.b.t.m.w.SpringBootMockServletContext : Initializing Spring TestDispatcherServlet ''
2022-09-28 10:35:18.451  INFO 2177 --- [    Test worker] o.s.t.web.servlet.TestDispatcherServlet  : Initializing Servlet ''
2022-09-28 10:35:18.452  INFO 2177 --- [    Test worker] o.s.t.web.servlet.TestDispatcherServlet  : Completed initialization in 1 ms
2022-09-28 10:35:18.463  INFO 2177 --- [    Test worker] c.g.c.p.c.PersonaControllerTest          : Started PersonaControllerTest in 0.455 seconds (JVM running for 7.842)
]]></system-out>
  <system-err><![CDATA[]]></system-err>
</testsuite>
