<?xml version="1.0" encoding="UTF-8"?>
<testsuite name="Persona Controller Test" tests="5" skipped="0" failures="0" errors="0" timestamp="2022-09-26T19:32:31" hostname="eze1-lmc-b05008.local" time="0.294">
  <properties/>
  <testcase name="Lista de Personas" classname="com.gl.cm.personas.controller.PersonaControllerTest" time="0.189"/>
  <testcase name="Borrar Persona" classname="com.gl.cm.personas.controller.PersonaControllerTest" time="0.017"/>
  <testcase name="Guardar Persona" classname="com.gl.cm.personas.controller.PersonaControllerTest" time="0.058"/>
  <testcase name="Obtener Personas" classname="com.gl.cm.personas.controller.PersonaControllerTest" time="0.012"/>
  <testcase name="Editar Persona" classname="com.gl.cm.personas.controller.PersonaControllerTest" time="0.01"/>
  <system-out><![CDATA[2022-09-26 16:32:30.787  INFO 4792 --- [    Test worker] .b.t.a.w.s.WebMvcTestContextBootstrapper : Neither @ContextConfiguration nor @ContextHierarchy found for test class [com.gl.cm.personas.controller.PersonaControllerTest], using SpringBootContextLoader
2022-09-26 16:32:30.788  INFO 4792 --- [    Test worker] o.s.t.c.support.AbstractContextLoader    : Could not detect default resource locations for test class [com.gl.cm.personas.controller.PersonaControllerTest]: no resource found for suffixes {-context.xml, Context.groovy}.
2022-09-26 16:32:30.788  INFO 4792 --- [    Test worker] t.c.s.AnnotationConfigContextLoaderUtils : Could not detect default configuration classes for test class [com.gl.cm.personas.controller.PersonaControllerTest]: PersonaControllerTest does not declare any static, non-private, non-final, nested classes annotated with @Configuration.
2022-09-26 16:32:30.808  INFO 4792 --- [    Test worker] .b.t.c.SpringBootTestContextBootstrapper : Found @SpringBootConfiguration com.gl.cm.personas.PersonasApplication for test class com.gl.cm.personas.controller.PersonaControllerTest
2022-09-26 16:32:30.809  INFO 4792 --- [    Test worker] .b.t.a.w.s.WebMvcTestContextBootstrapper : Loaded default TestExecutionListener class names from location [META-INF/spring.factories]: [org.springframework.boot.test.autoconfigure.restdocs.RestDocsTestExecutionListener, org.springframework.boot.test.autoconfigure.web.client.MockRestServiceServerResetTestExecutionListener, org.springframework.boot.test.autoconfigure.web.servlet.MockMvcPrintOnlyOnFailureTestExecutionListener, org.springframework.boot.test.autoconfigure.web.servlet.WebDriverTestExecutionListener, org.springframework.boot.test.autoconfigure.webservices.client.MockWebServiceServerTestExecutionListener, org.springframework.boot.test.mock.mockito.MockitoTestExecutionListener, org.springframework.boot.test.mock.mockito.ResetMocksTestExecutionListener, org.springframework.test.context.web.ServletTestExecutionListener, org.springframework.test.context.support.DirtiesContextBeforeModesTestExecutionListener, org.springframework.test.context.event.ApplicationEventsTestExecutionListener, org.springframework.test.context.support.DependencyInjectionTestExecutionListener, org.springframework.test.context.support.DirtiesContextTestExecutionListener, org.springframework.test.context.transaction.TransactionalTestExecutionListener, org.springframework.test.context.jdbc.SqlScriptsTestExecutionListener, org.springframework.test.context.event.EventPublishingTestExecutionListener]
2022-09-26 16:32:30.810  INFO 4792 --- [    Test worker] .b.t.a.w.s.WebMvcTestContextBootstrapper : Using TestExecutionListeners: [org.springframework.test.context.web.ServletTestExecutionListener@6aaec13, org.springframework.test.context.support.DirtiesContextBeforeModesTestExecutionListener@4e04779b, org.springframework.test.context.event.ApplicationEventsTestExecutionListener@348e200e, org.springframework.boot.test.mock.mockito.MockitoTestExecutionListener@4a945e6e, org.springframework.boot.test.autoconfigure.SpringBootDependencyInjectionTestExecutionListener@1b0ff95b, org.springframework.test.context.support.DirtiesContextTestExecutionListener@76dafd0e, org.springframework.test.context.transaction.TransactionalTestExecutionListener@33113d8b, org.springframework.test.context.jdbc.SqlScriptsTestExecutionListener@5b1e62a9, org.springframework.test.context.event.EventPublishingTestExecutionListener@3f3f9db0, org.springframework.boot.test.autoconfigure.restdocs.RestDocsTestExecutionListener@1e2c25d4, org.springframework.boot.test.autoconfigure.web.client.MockRestServiceServerResetTestExecutionListener@24ebbeff, org.springframework.boot.test.autoconfigure.web.servlet.MockMvcPrintOnlyOnFailureTestExecutionListener@cc89be1, org.springframework.boot.test.autoconfigure.web.servlet.WebDriverTestExecutionListener@4fd955d5, org.springframework.boot.test.autoconfigure.webservices.client.MockWebServiceServerTestExecutionListener@30a4cb7f, org.springframework.boot.test.mock.mockito.ResetMocksTestExecutionListener@49c187d2]

  .   ____          _            __ _ _
 /\\ / ___'_ __ _ _(_)_ __  __ _ \ \ \ \
( ( )\___ | '_ | '_| | '_ \/ _` | \ \ \ \
 \\/  ___)| |_)| | | | | || (_| |  ) ) ) )
  '  |____| .__|_| |_|_| |_\__, | / / / /
 =========|_|==============|___/=/_/_/_/
 :: Spring Boot ::                (v2.7.4)

2022-09-26 16:32:30.836  INFO 4792 --- [    Test worker] c.g.c.p.c.PersonaControllerTest          : Starting PersonaControllerTest using Java 17 on eze1-lmc-b05008.local with PID 4792 (started by Martin in /Users/Martin/Desktop/Martin/api-personas)
2022-09-26 16:32:30.836  INFO 4792 --- [    Test worker] c.g.c.p.c.PersonaControllerTest          : No active profile set, falling back to 1 default profile: "default"
2022-09-26 16:32:31.280  INFO 4792 --- [    Test worker] o.s.b.t.m.w.SpringBootMockServletContext : Initializing Spring TestDispatcherServlet ''
2022-09-26 16:32:31.280  INFO 4792 --- [    Test worker] o.s.t.web.servlet.TestDispatcherServlet  : Initializing Servlet ''
2022-09-26 16:32:31.281  INFO 4792 --- [    Test worker] o.s.t.web.servlet.TestDispatcherServlet  : Completed initialization in 1 ms
2022-09-26 16:32:31.293  INFO 4792 --- [    Test worker] c.g.c.p.c.PersonaControllerTest          : Started PersonaControllerTest in 0.481 seconds (JVM running for 7.51)
]]></system-out>
  <system-err><![CDATA[]]></system-err>
</testsuite>
