<?xml version="1.0" encoding="UTF-8"?>
<testsuite name="Persona Mapper" tests="4" skipped="0" failures="0" errors="0" timestamp="2022-09-28T13:39:39" hostname="eze1-lmc-b05008.local" time="0.079">
  <properties/>
  <testcase name="PersonaDTO a Persona" classname="com.gl.cm.personas.mapper.PersonaMapperTest" time="0.066"/>
  <testcase name="Creacion PersonaDTO" classname="com.gl.cm.personas.mapper.PersonaMapperTest" time="0.001"/>
  <testcase name="Creacion ErrorDTO" classname="com.gl.cm.personas.mapper.PersonaMapperTest" time="0.008"/>
  <testcase name="Persona a PersonaDTO" classname="com.gl.cm.personas.mapper.PersonaMapperTest" time="0.001"/>
  <system-out><![CDATA[]]></system-out>
  <system-err><![CDATA[]]></system-err>
</testsuite>
