<?xml version="1.0" encoding="UTF-8"?>
<testsuite name="Persona Service" tests="8" skipped="0" failures="0" errors="0" timestamp="2022-09-28T13:39:54" hostname="eze1-lmc-b05008.local" time="0.121">
  <properties/>
  <testcase name="Obtener Lista de personas" classname="com.gl.cm.personas.service.PersonaServiceTest" time="0.052"/>
  <testcase name="Obtener persona por Id" classname="com.gl.cm.personas.service.PersonaServiceTest" time="0.01"/>
  <testcase name="Borrar persona" classname="com.gl.cm.personas.service.PersonaServiceTest" time="0.007"/>
  <testcase name="Borrar persona No existente" classname="com.gl.cm.personas.service.PersonaServiceTest" time="0.01"/>
  <testcase name="Guardar Persona" classname="com.gl.cm.personas.service.PersonaServiceTest" time="0.012"/>
  <testcase name="Persona no existe" classname="com.gl.cm.personas.service.PersonaServiceTest" time="0.006"/>
  <testcase name="Editar Persona Not Found" classname="com.gl.cm.personas.service.PersonaServiceTest" time="0.007"/>
  <testcase name="Editar Persona" classname="com.gl.cm.personas.service.PersonaServiceTest" time="0.007"/>
  <system-out><![CDATA[2022-09-28 10:39:52.981  INFO 2331 --- [    Test worker] .b.t.c.SpringBootTestContextBootstrapper : Neither @ContextConfiguration nor @ContextHierarchy found for test class [com.gl.cm.personas.service.PersonaServiceTest], using SpringBootContextLoader
2022-09-28 10:39:52.982  INFO 2331 --- [    Test worker] o.s.t.c.support.AbstractContextLoader    : Could not detect default resource locations for test class [com.gl.cm.personas.service.PersonaServiceTest]: no resource found for suffixes {-context.xml, Context.groovy}.
2022-09-28 10:39:52.983  INFO 2331 --- [    Test worker] t.c.s.AnnotationConfigContextLoaderUtils : Could not detect default configuration classes for test class [com.gl.cm.personas.service.PersonaServiceTest]: PersonaServiceTest does not declare any static, non-private, non-final, nested classes annotated with @Configuration.
2022-09-28 10:39:52.990  INFO 2331 --- [    Test worker] .b.t.c.SpringBootTestContextBootstrapper : Found @SpringBootConfiguration com.gl.cm.personas.PersonasApplication for test class com.gl.cm.personas.service.PersonaServiceTest
2022-09-28 10:39:52.992  INFO 2331 --- [    Test worker] .b.t.c.SpringBootTestContextBootstrapper : Loaded default TestExecutionListener class names from location [META-INF/spring.factories]: [org.springframework.boot.test.autoconfigure.restdocs.RestDocsTestExecutionListener, org.springframework.boot.test.autoconfigure.web.client.MockRestServiceServerResetTestExecutionListener, org.springframework.boot.test.autoconfigure.web.servlet.MockMvcPrintOnlyOnFailureTestExecutionListener, org.springframework.boot.test.autoconfigure.web.servlet.WebDriverTestExecutionListener, org.springframework.boot.test.autoconfigure.webservices.client.MockWebServiceServerTestExecutionListener, org.springframework.boot.test.mock.mockito.MockitoTestExecutionListener, org.springframework.boot.test.mock.mockito.ResetMocksTestExecutionListener, org.springframework.test.context.web.ServletTestExecutionListener, org.springframework.test.context.support.DirtiesContextBeforeModesTestExecutionListener, org.springframework.test.context.event.ApplicationEventsTestExecutionListener, org.springframework.test.context.support.DependencyInjectionTestExecutionListener, org.springframework.test.context.support.DirtiesContextTestExecutionListener, org.springframework.test.context.transaction.TransactionalTestExecutionListener, org.springframework.test.context.jdbc.SqlScriptsTestExecutionListener, org.springframework.test.context.event.EventPublishingTestExecutionListener]
2022-09-28 10:39:52.992  INFO 2331 --- [    Test worker] .b.t.c.SpringBootTestContextBootstrapper : Using TestExecutionListeners: [org.springframework.test.context.web.ServletTestExecutionListener@42171bce, org.springframework.test.context.support.DirtiesContextBeforeModesTestExecutionListener@761ae5c6, org.springframework.test.context.event.ApplicationEventsTestExecutionListener@495d846e, org.springframework.boot.test.mock.mockito.MockitoTestExecutionListener@3eddaa4f, org.springframework.boot.test.autoconfigure.SpringBootDependencyInjectionTestExecutionListener@44ee1f31, org.springframework.test.context.support.DirtiesContextTestExecutionListener@65fbf6bf, org.springframework.test.context.transaction.TransactionalTestExecutionListener@4020709a, org.springframework.test.context.jdbc.SqlScriptsTestExecutionListener@13fc3503, org.springframework.test.context.event.EventPublishingTestExecutionListener@27dfa7da, org.springframework.boot.test.autoconfigure.restdocs.RestDocsTestExecutionListener@1d2bf390, org.springframework.boot.test.autoconfigure.web.client.MockRestServiceServerResetTestExecutionListener@5e4cf40f, org.springframework.boot.test.autoconfigure.web.servlet.MockMvcPrintOnlyOnFailureTestExecutionListener@2c6a96e8, org.springframework.boot.test.autoconfigure.web.servlet.WebDriverTestExecutionListener@76d115c8, org.springframework.boot.test.autoconfigure.webservices.client.MockWebServiceServerTestExecutionListener@3424cff1, org.springframework.boot.test.mock.mockito.ResetMocksTestExecutionListener@d71b9f6]

  .   ____          _            __ _ _
 /\\ / ___'_ __ _ _(_)_ __  __ _ \ \ \ \
( ( )\___ | '_ | '_| | '_ \/ _` | \ \ \ \
 \\/  ___)| |_)| | | | | || (_| |  ) ) ) )
  '  |____| .__|_| |_|_| |_\__, | / / / /
 =========|_|==============|___/=/_/_/_/
 :: Spring Boot ::                (v2.7.4)

2022-09-28 10:39:53.018  INFO 2331 --- [    Test worker] c.g.c.p.service.PersonaServiceTest       : Starting PersonaServiceTest using Java 11.0.12 on eze1-lmc-b05008.local with PID 2331 (started by Martin in /Users/Martin/Desktop/Martin/api-personas)
2022-09-28 10:39:53.018  INFO 2331 --- [    Test worker] c.g.c.p.service.PersonaServiceTest       : No active profile set, falling back to 1 default profile: "default"
2022-09-28 10:39:53.288  INFO 2331 --- [    Test worker] .s.d.r.c.RepositoryConfigurationDelegate : Bootstrapping Spring Data JPA repositories in DEFAULT mode.
2022-09-28 10:39:53.295  INFO 2331 --- [    Test worker] .s.d.r.c.RepositoryConfigurationDelegate : Finished Spring Data repository scanning in 6 ms. Found 1 JPA repository interfaces.
2022-09-28 10:39:53.423  INFO 2331 --- [    Test worker] com.zaxxer.hikari.HikariDataSource       : HikariPool-2 - Starting...
2022-09-28 10:39:53.424  INFO 2331 --- [    Test worker] com.zaxxer.hikari.HikariDataSource       : HikariPool-2 - Start completed.
2022-09-28 10:39:53.434  INFO 2331 --- [    Test worker] o.hibernate.jpa.internal.util.LogHelper  : HHH000204: Processing PersistenceUnitInfo [name: default]
2022-09-28 10:39:53.438  INFO 2331 --- [    Test worker] org.hibernate.dialect.Dialect            : HHH000400: Using dialect: org.hibernate.dialect.H2Dialect
2022-09-28 10:39:53.475  INFO 2331 --- [    Test worker] o.h.e.t.j.p.i.JtaPlatformInitiator       : HHH000490: Using JtaPlatform implementation: [org.hibernate.engine.transaction.jta.platform.internal.NoJtaPlatform]
2022-09-28 10:39:53.475  INFO 2331 --- [    Test worker] j.LocalContainerEntityManagerFactoryBean : Initialized JPA EntityManagerFactory for persistence unit 'default'
2022-09-28 10:39:53.581  WARN 2331 --- [    Test worker] JpaBaseConfiguration$JpaWebConfiguration : spring.jpa.open-in-view is enabled by default. Therefore, database queries may be performed during view rendering. Explicitly configure spring.jpa.open-in-view to disable this warning
2022-09-28 10:39:53.730  INFO 2331 --- [    Test worker] o.s.b.a.h2.H2ConsoleAutoConfiguration    : H2 console available at '/h2-console'. Database available at 'jdbc:h2:mem:personasdb'
2022-09-28 10:39:53.990  INFO 2331 --- [    Test worker] o.s.b.a.e.web.EndpointLinksResolver      : Exposing 1 endpoint(s) beneath base path '/actuator'
2022-09-28 10:39:54.022  INFO 2331 --- [    Test worker] c.g.c.p.service.PersonaServiceTest       : Started PersonaServiceTest in 1.026 seconds (JVM running for 16.182)
]]></system-out>
  <system-err><![CDATA[]]></system-err>
</testsuite>
