<?xml version="1.0" encoding="UTF-8"?>
<testsuite name="com.gl.cm.personas.PersonasApplicationTests" tests="1" skipped="0" failures="0" errors="0" timestamp="2022-09-28T13:39:52" hostname="eze1-lmc-b05008.local" time="0.004">
  <properties/>
  <testcase name="contextLoads()" classname="com.gl.cm.personas.PersonasApplicationTests" time="0.004"/>
  <system-out><![CDATA[2022-09-28 10:39:46.978  INFO 2331 --- [    Test worker] .b.t.c.SpringBootTestContextBootstrapper : Neither @ContextConfiguration nor @ContextHierarchy found for test class [com.gl.cm.personas.PersonasApplicationTests], using SpringBootContextLoader
2022-09-28 10:39:46.979  INFO 2331 --- [    Test worker] o.s.t.c.support.AbstractContextLoader    : Could not detect default resource locations for test class [com.gl.cm.personas.PersonasApplicationTests]: no resource found for suffixes {-context.xml, Context.groovy}.
2022-09-28 10:39:46.980  INFO 2331 --- [    Test worker] t.c.s.AnnotationConfigContextLoaderUtils : Could not detect default configuration classes for test class [com.gl.cm.personas.PersonasApplicationTests]: PersonasApplicationTests does not declare any static, non-private, non-final, nested classes annotated with @Configuration.
2022-09-28 10:39:46.987  INFO 2331 --- [    Test worker] .b.t.c.SpringBootTestContextBootstrapper : Found @SpringBootConfiguration com.gl.cm.personas.PersonasApplication for test class com.gl.cm.personas.PersonasApplicationTests
2022-09-28 10:39:46.992  INFO 2331 --- [    Test worker] .b.t.c.SpringBootTestContextBootstrapper : Loaded default TestExecutionListener class names from location [META-INF/spring.factories]: [org.springframework.boot.test.autoconfigure.restdocs.RestDocsTestExecutionListener, org.springframework.boot.test.autoconfigure.web.client.MockRestServiceServerResetTestExecutionListener, org.springframework.boot.test.autoconfigure.web.servlet.MockMvcPrintOnlyOnFailureTestExecutionListener, org.springframework.boot.test.autoconfigure.web.servlet.WebDriverTestExecutionListener, org.springframework.boot.test.autoconfigure.webservices.client.MockWebServiceServerTestExecutionListener, org.springframework.boot.test.mock.mockito.MockitoTestExecutionListener, org.springframework.boot.test.mock.mockito.ResetMocksTestExecutionListener, org.springframework.test.context.web.ServletTestExecutionListener, org.springframework.test.context.support.DirtiesContextBeforeModesTestExecutionListener, org.springframework.test.context.event.ApplicationEventsTestExecutionListener, org.springframework.test.context.support.DependencyInjectionTestExecutionListener, org.springframework.test.context.support.DirtiesContextTestExecutionListener, org.springframework.test.context.transaction.TransactionalTestExecutionListener, org.springframework.test.context.jdbc.SqlScriptsTestExecutionListener, org.springframework.test.context.event.EventPublishingTestExecutionListener]
2022-09-28 10:39:46.992  INFO 2331 --- [    Test worker] .b.t.c.SpringBootTestContextBootstrapper : Using TestExecutionListeners: [org.springframework.test.context.web.ServletTestExecutionListener@6cea2c42, org.springframework.test.context.support.DirtiesContextBeforeModesTestExecutionListener@78f3a985, org.springframework.test.context.event.ApplicationEventsTestExecutionListener@701b8d40, org.springframework.boot.test.mock.mockito.MockitoTestExecutionListener@19a7657f, org.springframework.boot.test.autoconfigure.SpringBootDependencyInjectionTestExecutionListener@2412c235, org.springframework.test.context.support.DirtiesContextTestExecutionListener@41c8e8b3, org.springframework.test.context.transaction.TransactionalTestExecutionListener@6d950c47, org.springframework.test.context.jdbc.SqlScriptsTestExecutionListener@4fbb0017, org.springframework.test.context.event.EventPublishingTestExecutionListener@7d8a60bf, org.springframework.boot.test.autoconfigure.restdocs.RestDocsTestExecutionListener@7b8192cd, org.springframework.boot.test.autoconfigure.web.client.MockRestServiceServerResetTestExecutionListener@3e334ece, org.springframework.boot.test.autoconfigure.web.servlet.MockMvcPrintOnlyOnFailureTestExecutionListener@291f5aa7, org.springframework.boot.test.autoconfigure.web.servlet.WebDriverTestExecutionListener@7be48a3, org.springframework.boot.test.autoconfigure.webservices.client.MockWebServiceServerTestExecutionListener@705ea563, org.springframework.boot.test.mock.mockito.ResetMocksTestExecutionListener@543fc098]

  .   ____          _            __ _ _
 /\\ / ___'_ __ _ _(_)_ __  __ _ \ \ \ \
( ( )\___ | '_ | '_| | '_ \/ _` | \ \ \ \
 \\/  ___)| |_)| | | | | || (_| |  ) ) ) )
  '  |____| .__|_| |_|_| |_\__, | / / / /
 =========|_|==============|___/=/_/_/_/
 :: Spring Boot ::                (v2.7.4)

2022-09-28 10:39:47.022  INFO 2331 --- [    Test worker] c.g.c.personas.PersonasApplicationTests  : Starting PersonasApplicationTests using Java 11.0.12 on eze1-lmc-b05008.local with PID 2331 (started by Martin in /Users/Martin/Desktop/Martin/api-personas)
2022-09-28 10:39:47.022  INFO 2331 --- [    Test worker] c.g.c.personas.PersonasApplicationTests  : No active profile set, falling back to 1 default profile: "default"
2022-09-28 10:39:47.862  INFO 2331 --- [    Test worker] .s.d.r.c.RepositoryConfigurationDelegate : Bootstrapping Spring Data JPA repositories in DEFAULT mode.
2022-09-28 10:39:47.963  INFO 2331 --- [    Test worker] .s.d.r.c.RepositoryConfigurationDelegate : Finished Spring Data repository scanning in 80 ms. Found 1 JPA repository interfaces.
2022-09-28 10:39:48.444  INFO 2331 --- [    Test worker] com.zaxxer.hikari.HikariDataSource       : HikariPool-1 - Starting...
2022-09-28 10:39:49.412  INFO 2331 --- [    Test worker] com.zaxxer.hikari.HikariDataSource       : HikariPool-1 - Start completed.
2022-09-28 10:39:49.558  INFO 2331 --- [    Test worker] o.hibernate.jpa.internal.util.LogHelper  : HHH000204: Processing PersistenceUnitInfo [name: default]
2022-09-28 10:39:49.685  INFO 2331 --- [    Test worker] org.hibernate.Version                    : HHH000412: Hibernate ORM core version 5.6.11.Final
2022-09-28 10:39:49.781  INFO 2331 --- [    Test worker] o.hibernate.annotations.common.Version   : HCANN000001: Hibernate Commons Annotations {5.1.2.Final}
2022-09-28 10:39:50.064  INFO 2331 --- [    Test worker] org.hibernate.dialect.Dialect            : HHH000400: Using dialect: org.hibernate.dialect.H2Dialect
2022-09-28 10:39:51.182  INFO 2331 --- [    Test worker] o.h.e.t.j.p.i.JtaPlatformInitiator       : HHH000490: Using JtaPlatform implementation: [org.hibernate.engine.transaction.jta.platform.internal.NoJtaPlatform]
2022-09-28 10:39:51.204  INFO 2331 --- [    Test worker] j.LocalContainerEntityManagerFactoryBean : Initialized JPA EntityManagerFactory for persistence unit 'default'
2022-09-28 10:39:52.047  WARN 2331 --- [    Test worker] JpaBaseConfiguration$JpaWebConfiguration : spring.jpa.open-in-view is enabled by default. Therefore, database queries may be performed during view rendering. Explicitly configure spring.jpa.open-in-view to disable this warning
2022-09-28 10:39:52.382  INFO 2331 --- [    Test worker] o.s.b.a.h2.H2ConsoleAutoConfiguration    : H2 console available at '/h2-console'. Database available at 'jdbc:h2:mem:personasdb'
2022-09-28 10:39:52.873  INFO 2331 --- [    Test worker] o.s.b.a.e.web.EndpointLinksResolver      : Exposing 1 endpoint(s) beneath base path '/actuator'
2022-09-28 10:39:52.924  INFO 2331 --- [    Test worker] c.g.c.personas.PersonasApplicationTests  : Started PersonasApplicationTests in 5.929 seconds (JVM running for 15.084)
]]></system-out>
  <system-err><![CDATA[]]></system-err>
</testsuite>
