<?xml version="1.0" encoding="UTF-8"?>
<testsuite name="Persona Mapper" tests="3" skipped="0" failures="0" errors="0" timestamp="2022-09-26T19:32:31" hostname="eze1-lmc-b05008.local" time="0.008">
  <properties/>
  <testcase name="PersonaDTO a Persona" classname="com.gl.cm.personas.mapper.PersonaMapperTest" time="0.005"/>
  <testcase name="Creacion PersonaDTO" classname="com.gl.cm.personas.mapper.PersonaMapperTest" time="0.0"/>
  <testcase name="Persona a PersonaDTO" classname="com.gl.cm.personas.mapper.PersonaMapperTest" time="0.001"/>
  <system-out><![CDATA[]]></system-out>
  <system-err><![CDATA[]]></system-err>
</testsuite>
