<?xml version="1.0" encoding="UTF-8"?>
<testsuite name="Persona Service" tests="6" skipped="0" failures="0" errors="0" timestamp="2022-09-26T15:49:04" hostname="eze1-lmc-b05008.local" time="0.194">
  <properties/>
  <testcase name="Obtener Lista de personas" classname="com.gl.cm.personas.service.PersonaServiceTest" time="0.139"/>
  <testcase name="Obtener persona por Id" classname="com.gl.cm.personas.service.PersonaServiceTest" time="0.009"/>
  <testcase name="Guardar Persona" classname="com.gl.cm.personas.service.PersonaServiceTest" time="0.012"/>
  <testcase name="Persona no existe" classname="com.gl.cm.personas.service.PersonaServiceTest" time="0.01"/>
  <testcase name="Editar Persona Not Found" classname="com.gl.cm.personas.service.PersonaServiceTest" time="0.007"/>
  <testcase name="Editar Persona" classname="com.gl.cm.personas.service.PersonaServiceTest" time="0.008"/>
  <system-out><![CDATA[12:48:59.771 [Test worker] DEBUG org.springframework.test.context.BootstrapUtils - Instantiating CacheAwareContextLoaderDelegate from class [org.springframework.test.context.cache.DefaultCacheAwareContextLoaderDelegate]
12:48:59.789 [Test worker] DEBUG org.springframework.test.context.BootstrapUtils - Instantiating BootstrapContext using constructor [public org.springframework.test.context.support.DefaultBootstrapContext(java.lang.Class,org.springframework.test.context.CacheAwareContextLoaderDelegate)]
12:48:59.821 [Test worker] DEBUG org.springframework.test.context.BootstrapUtils - Instantiating TestContextBootstrapper for test class [com.gl.cm.personas.service.PersonaServiceTest] from class [org.springframework.boot.test.context.SpringBootTestContextBootstrapper]
12:48:59.832 [Test worker] INFO org.springframework.boot.test.context.SpringBootTestContextBootstrapper - Neither @ContextConfiguration nor @ContextHierarchy found for test class [com.gl.cm.personas.service.PersonaServiceTest], using SpringBootContextLoader
12:48:59.837 [Test worker] DEBUG org.springframework.test.context.support.AbstractContextLoader - Did not detect default resource location for test class [com.gl.cm.personas.service.PersonaServiceTest]: class path resource [com/gl/cm/personas/service/PersonaServiceTest-context.xml] does not exist
12:48:59.838 [Test worker] DEBUG org.springframework.test.context.support.AbstractContextLoader - Did not detect default resource location for test class [com.gl.cm.personas.service.PersonaServiceTest]: class path resource [com/gl/cm/personas/service/PersonaServiceTestContext.groovy] does not exist
12:48:59.838 [Test worker] INFO org.springframework.test.context.support.AbstractContextLoader - Could not detect default resource locations for test class [com.gl.cm.personas.service.PersonaServiceTest]: no resource found for suffixes {-context.xml, Context.groovy}.
12:48:59.839 [Test worker] INFO org.springframework.test.context.support.AnnotationConfigContextLoaderUtils - Could not detect default configuration classes for test class [com.gl.cm.personas.service.PersonaServiceTest]: PersonaServiceTest does not declare any static, non-private, non-final, nested classes annotated with @Configuration.
12:48:59.885 [Test worker] DEBUG org.springframework.test.context.support.ActiveProfilesUtils - Could not find an 'annotation declaring class' for annotation type [org.springframework.test.context.ActiveProfiles] and class [com.gl.cm.personas.service.PersonaServiceTest]
12:48:59.944 [Test worker] DEBUG org.springframework.context.annotation.ClassPathScanningCandidateComponentProvider - Identified candidate component class: file [/Users/Martin/Desktop/Martin/api-personas/build/classes/java/main/com/gl/cm/personas/PersonasApplication.class]
12:48:59.945 [Test worker] INFO org.springframework.boot.test.context.SpringBootTestContextBootstrapper - Found @SpringBootConfiguration com.gl.cm.personas.PersonasApplication for test class com.gl.cm.personas.service.PersonaServiceTest
12:49:00.027 [Test worker] DEBUG org.springframework.boot.test.context.SpringBootTestContextBootstrapper - @TestExecutionListeners is not present for class [com.gl.cm.personas.service.PersonaServiceTest]: using defaults.
12:49:00.028 [Test worker] INFO org.springframework.boot.test.context.SpringBootTestContextBootstrapper - Loaded default TestExecutionListener class names from location [META-INF/spring.factories]: [org.springframework.boot.test.autoconfigure.restdocs.RestDocsTestExecutionListener, org.springframework.boot.test.autoconfigure.web.client.MockRestServiceServerResetTestExecutionListener, org.springframework.boot.test.autoconfigure.web.servlet.MockMvcPrintOnlyOnFailureTestExecutionListener, org.springframework.boot.test.autoconfigure.web.servlet.WebDriverTestExecutionListener, org.springframework.boot.test.autoconfigure.webservices.client.MockWebServiceServerTestExecutionListener, org.springframework.boot.test.mock.mockito.MockitoTestExecutionListener, org.springframework.boot.test.mock.mockito.ResetMocksTestExecutionListener, org.springframework.test.context.web.ServletTestExecutionListener, org.springframework.test.context.support.DirtiesContextBeforeModesTestExecutionListener, org.springframework.test.context.event.ApplicationEventsTestExecutionListener, org.springframework.test.context.support.DependencyInjectionTestExecutionListener, org.springframework.test.context.support.DirtiesContextTestExecutionListener, org.springframework.test.context.transaction.TransactionalTestExecutionListener, org.springframework.test.context.jdbc.SqlScriptsTestExecutionListener, org.springframework.test.context.event.EventPublishingTestExecutionListener]
12:49:00.042 [Test worker] INFO org.springframework.boot.test.context.SpringBootTestContextBootstrapper - Using TestExecutionListeners: [org.springframework.test.context.web.ServletTestExecutionListener@6fec3a28, org.springframework.test.context.support.DirtiesContextBeforeModesTestExecutionListener@5c1cb825, org.springframework.test.context.event.ApplicationEventsTestExecutionListener@2662ae36, org.springframework.boot.test.mock.mockito.MockitoTestExecutionListener@77dd7e97, org.springframework.boot.test.autoconfigure.SpringBootDependencyInjectionTestExecutionListener@796e273e, org.springframework.test.context.support.DirtiesContextTestExecutionListener@400a65a6, org.springframework.test.context.transaction.TransactionalTestExecutionListener@732a708f, org.springframework.test.context.jdbc.SqlScriptsTestExecutionListener@6f1f81bb, org.springframework.test.context.event.EventPublishingTestExecutionListener@67401cb1, org.springframework.boot.test.autoconfigure.restdocs.RestDocsTestExecutionListener@74f472aa, org.springframework.boot.test.autoconfigure.web.client.MockRestServiceServerResetTestExecutionListener@54fadab3, org.springframework.boot.test.autoconfigure.web.servlet.MockMvcPrintOnlyOnFailureTestExecutionListener@47fb8bce, org.springframework.boot.test.autoconfigure.web.servlet.WebDriverTestExecutionListener@20b9a214, org.springframework.boot.test.autoconfigure.webservices.client.MockWebServiceServerTestExecutionListener@770fe58b, org.springframework.boot.test.mock.mockito.ResetMocksTestExecutionListener@7522969b]
12:49:00.046 [Test worker] DEBUG org.springframework.test.context.support.AbstractDirtiesContextTestExecutionListener - Before test class: context [DefaultTestContext@3128a9a2 testClass = PersonaServiceTest, testInstance = [null], testMethod = [null], testException = [null], mergedContextConfiguration = [WebMergedContextConfiguration@30001856 testClass = PersonaServiceTest, locations = '{}', classes = '{class com.gl.cm.personas.PersonasApplication}', contextInitializerClasses = '[]', activeProfiles = '{}', propertySourceLocations = '{}', propertySourceProperties = '{org.springframework.boot.test.context.SpringBootTestContextBootstrapper=true}', contextCustomizers = set[org.springframework.boot.test.autoconfigure.actuate.metrics.MetricsExportContextCustomizerFactory$DisableMetricExportContextCustomizer@7db7969a, org.springframework.boot.test.autoconfigure.properties.PropertyMappingContextCustomizer@0, org.springframework.boot.test.autoconfigure.web.servlet.WebDriverContextCustomizerFactory$Customizer@1ec98f37, org.springframework.boot.test.context.filter.ExcludeFilterContextCustomizer@77c06ce3, org.springframework.boot.test.json.DuplicateJsonObjectContextCustomizerFactory$DuplicateJsonObjectContextCustomizer@48da68b7, org.springframework.boot.test.mock.mockito.MockitoContextCustomizer@8397dba3, org.springframework.boot.test.web.client.TestRestTemplateContextCustomizer@3756888e, org.springframework.boot.test.context.SpringBootTestArgs@1, org.springframework.boot.test.context.SpringBootTestWebEnvironment@43b94d37], resourceBasePath = 'src/main/webapp', contextLoader = 'org.springframework.boot.test.context.SpringBootContextLoader', parent = [null]], attributes = map['org.springframework.test.context.web.ServletTestExecutionListener.activateListener' -> true]], class annotated with @DirtiesContext [false] with mode [null].

  .   ____          _            __ _ _
 /\\ / ___'_ __ _ _(_)_ __  __ _ \ \ \ \
( ( )\___ | '_ | '_| | '_ \/ _` | \ \ \ \
 \\/  ___)| |_)| | | | | || (_| |  ) ) ) )
  '  |____| .__|_| |_|_| |_\__, | / / / /
 =========|_|==============|___/=/_/_/_/
 :: Spring Boot ::                (v2.7.4)

2022-09-26 12:49:00.469  INFO 2819 --- [    Test worker] c.g.c.p.service.PersonaServiceTest       : Starting PersonaServiceTest using Java 11.0.12 on eze1-lmc-b05008.local with PID 2819 (started by Martin in /Users/Martin/Desktop/Martin/api-personas)
2022-09-26 12:49:00.471  INFO 2819 --- [    Test worker] c.g.c.p.service.PersonaServiceTest       : No active profile set, falling back to 1 default profile: "default"
2022-09-26 12:49:01.448  INFO 2819 --- [    Test worker] .s.d.r.c.RepositoryConfigurationDelegate : Bootstrapping Spring Data JPA repositories in DEFAULT mode.
2022-09-26 12:49:01.491  INFO 2819 --- [    Test worker] .s.d.r.c.RepositoryConfigurationDelegate : Finished Spring Data repository scanning in 35 ms. Found 1 JPA repository interfaces.
2022-09-26 12:49:02.463  INFO 2819 --- [    Test worker] com.zaxxer.hikari.HikariDataSource       : HikariPool-1 - Starting...
2022-09-26 12:49:02.662  INFO 2819 --- [    Test worker] com.zaxxer.hikari.HikariDataSource       : HikariPool-1 - Start completed.
2022-09-26 12:49:02.735  INFO 2819 --- [    Test worker] o.hibernate.jpa.internal.util.LogHelper  : HHH000204: Processing PersistenceUnitInfo [name: default]
2022-09-26 12:49:02.791  INFO 2819 --- [    Test worker] org.hibernate.Version                    : HHH000412: Hibernate ORM core version 5.6.11.Final
2022-09-26 12:49:02.829  INFO 2819 --- [    Test worker] o.hibernate.annotations.common.Version   : HCANN000001: Hibernate Commons Annotations {5.1.2.Final}
2022-09-26 12:49:02.939  INFO 2819 --- [    Test worker] org.hibernate.dialect.Dialect            : HHH000400: Using dialect: org.hibernate.dialect.H2Dialect
2022-09-26 12:49:03.359  INFO 2819 --- [    Test worker] o.h.e.t.j.p.i.JtaPlatformInitiator       : HHH000490: Using JtaPlatform implementation: [org.hibernate.engine.transaction.jta.platform.internal.NoJtaPlatform]
2022-09-26 12:49:03.366  INFO 2819 --- [    Test worker] j.LocalContainerEntityManagerFactoryBean : Initialized JPA EntityManagerFactory for persistence unit 'default'
2022-09-26 12:49:03.685  WARN 2819 --- [    Test worker] JpaBaseConfiguration$JpaWebConfiguration : spring.jpa.open-in-view is enabled by default. Therefore, database queries may be performed during view rendering. Explicitly configure spring.jpa.open-in-view to disable this warning
2022-09-26 12:49:04.114  INFO 2819 --- [    Test worker] o.s.b.a.h2.H2ConsoleAutoConfiguration    : H2 console available at '/h2-console'. Database available at 'jdbc:h2:mem:personasdb'
2022-09-26 12:49:04.632  INFO 2819 --- [    Test worker] o.s.b.a.e.web.EndpointLinksResolver      : Exposing 1 endpoint(s) beneath base path '/actuator'
2022-09-26 12:49:04.686  INFO 2819 --- [    Test worker] c.g.c.p.service.PersonaServiceTest       : Started PersonaServiceTest in 4.597 seconds (JVM running for 5.7)
]]></system-out>
  <system-err><![CDATA[]]></system-err>
</testsuite>
